This is pdfTeX, Version 3.141592653-2.6-1.40.22 (TeX Live 2022/dev/Debian) (preloaded format=pdflatex 2024.10.17)  23 OCT 2024 17:26
entering extended mode
 restricted \write18 enabled.
 %&-line parsing enabled.
**thesis.tex
(./thesis.tex
LaTeX2e <2021-11-15> patch level 1
L3 programming layer <2022-01-21> (./ucr.cls
(/usr/share/texlive/texmf-dist/tex/latex/anysize/anysize.sty
Package: anysize 1994/08/13 setting margin sizes

document style option `anysize' loaded
Michael Salzenberg, Thomas Esser, Dirk Hillbrecht
Version 1.0, Aug 13, 1994
\@Leftmargin=\dimen138
\@Rightmargin=\dimen139
\@Topmargin=\dimen140
\@Bottommargin=\dimen141
) (/usr/share/texlive/texmf-dist/tex/latex/geometry/geometry.sty
Package: geometry 2020/01/02 v5.9 Page Geometry

(/usr/share/texlive/texmf-dist/tex/latex/graphics/keyval.sty
Package: keyval 2014/10/28 v1.15 key=value parser (DPC)
\KV@toks@=\toks16
)
(/usr/share/texlive/texmf-dist/tex/generic/iftex/ifvtex.sty
Package: ifvtex 2019/10/25 v1.7 ifvtex legacy package. Use iftex instead.

(/usr/share/texlive/texmf-dist/tex/generic/iftex/iftex.sty
Package: iftex 2020/03/06 v1.0d TeX engine tests
))
\Gm@cnth=\count185
\Gm@cntv=\count186
\c@Gm@tempcnt=\count187
\Gm@bindingoffset=\dimen142
\Gm@wd@mp=\dimen143
\Gm@odd@mp=\dimen144
\Gm@even@mp=\dimen145
\Gm@layoutwidth=\dimen146
\Gm@layoutheight=\dimen147
\Gm@layouthoffset=\dimen148
\Gm@layoutvoffset=\dimen149
\Gm@dimlist=\toks17
)
(/usr/share/texlive/texmf-dist/tex/latex/hyperref/hyperref.sty
Package: hyperref 2021-06-07 v7.00m Hypertext links for LaTeX

(/usr/share/texlive/texmf-dist/tex/generic/ltxcmds/ltxcmds.sty
Package: ltxcmds 2020-05-10 v1.25 LaTeX kernel commands for general use (HO)
)
(/usr/share/texlive/texmf-dist/tex/generic/pdftexcmds/pdftexcmds.sty
Package: pdftexcmds 2020-06-27 v0.33 Utility functions of pdfTeX for LuaTeX (HO
)

(/usr/share/texlive/texmf-dist/tex/generic/infwarerr/infwarerr.sty
Package: infwarerr 2019/12/03 v1.5 Providing info/warning/error messages (HO)
)
Package pdftexcmds Info: \pdf@primitive is available.
Package pdftexcmds Info: \pdf@ifprimitive is available.
Package pdftexcmds Info: \pdfdraftmode found.
)
(/usr/share/texlive/texmf-dist/tex/generic/kvsetkeys/kvsetkeys.sty
Package: kvsetkeys 2019/12/15 v1.18 Key value parser (HO)
)
(/usr/share/texlive/texmf-dist/tex/generic/kvdefinekeys/kvdefinekeys.sty
Package: kvdefinekeys 2019-12-19 v1.6 Define keys (HO)
)
(/usr/share/texlive/texmf-dist/tex/generic/pdfescape/pdfescape.sty
Package: pdfescape 2019/12/09 v1.15 Implements pdfTeX's escape features (HO)
)
(/usr/share/texlive/texmf-dist/tex/latex/hycolor/hycolor.sty
Package: hycolor 2020-01-27 v1.10 Color options for hyperref/bookmark (HO)
)
(/usr/share/texlive/texmf-dist/tex/latex/letltxmacro/letltxmacro.sty
Package: letltxmacro 2019/12/03 v1.6 Let assignment for LaTeX macros (HO)
)
(/usr/share/texlive/texmf-dist/tex/latex/auxhook/auxhook.sty
Package: auxhook 2019-12-17 v1.6 Hooks for auxiliary files (HO)
)
(/usr/share/texlive/texmf-dist/tex/latex/kvoptions/kvoptions.sty
Package: kvoptions 2020-10-07 v3.14 Key value format for package options (HO)
)
\@linkdim=\dimen150
\Hy@linkcounter=\count188
\Hy@pagecounter=\count189

(/usr/share/texlive/texmf-dist/tex/latex/hyperref/pd1enc.def
File: pd1enc.def 2021-06-07 v7.00m Hyperref: PDFDocEncoding definition (HO)
Now handling font encoding PD1 ...
... no UTF-8 mapping file for font encoding PD1
)
(/usr/share/texlive/texmf-dist/tex/latex/hyperref/hyperref-langpatches.def
File: hyperref-langpatches.def 2021-06-07 v7.00m Hyperref: patches for babel la
nguages
)
(/usr/share/texlive/texmf-dist/tex/generic/intcalc/intcalc.sty
Package: intcalc 2019/12/15 v1.3 Expandable calculations with integers (HO)
)
(/usr/share/texlive/texmf-dist/tex/generic/etexcmds/etexcmds.sty
Package: etexcmds 2019/12/15 v1.7 Avoid name clashes with e-TeX commands (HO)
)
\Hy@SavedSpaceFactor=\count190

(/usr/share/texlive/texmf-dist/tex/latex/hyperref/puenc.def
File: puenc.def 2021-06-07 v7.00m Hyperref: PDF Unicode definition (HO)
Now handling font encoding PU ...
... no UTF-8 mapping file for font encoding PU
)
Package hyperref Info: Option `final' set `true' on input line 4073.
Package hyperref Info: Option `colorlinks' set `true' on input line 4073.
Package hyperref Info: Hyper figures OFF on input line 4192.
Package hyperref Info: Link nesting OFF on input line 4197.
Package hyperref Info: Hyper index ON on input line 4200.
Package hyperref Info: Plain pages OFF on input line 4207.
Package hyperref Info: Backreferencing OFF on input line 4212.
Package hyperref Info: Implicit mode ON; LaTeX internals redefined.
Package hyperref Info: Bookmarks ON on input line 4445.
\c@Hy@tempcnt=\count191

(/usr/share/texlive/texmf-dist/tex/latex/url/url.sty
\Urlmuskip=\muskip16
Package: url 2013/09/16  ver 3.4  Verb mode for urls, etc.
)
LaTeX Info: Redefining \url on input line 4804.
\XeTeXLinkMargin=\dimen151

(/usr/share/texlive/texmf-dist/tex/generic/bitset/bitset.sty
Package: bitset 2019/12/09 v1.3 Handle bit-vector datatype (HO)

(/usr/share/texlive/texmf-dist/tex/generic/bigintcalc/bigintcalc.sty
Package: bigintcalc 2019/12/15 v1.5 Expandable calculations on big integers (HO
)
))
\Fld@menulength=\count192
\Field@Width=\dimen152
\Fld@charsize=\dimen153
Package hyperref Info: Hyper figures OFF on input line 6076.
Package hyperref Info: Link nesting OFF on input line 6081.
Package hyperref Info: Hyper index ON on input line 6084.
Package hyperref Info: backreferencing OFF on input line 6091.
Package hyperref Info: Link coloring ON on input line 6094.
Package hyperref Info: Link coloring with OCG OFF on input line 6101.
Package hyperref Info: PDF/A mode OFF on input line 6106.
LaTeX Info: Redefining \ref on input line 6146.
LaTeX Info: Redefining \pageref on input line 6150.

(/usr/share/texlive/texmf-dist/tex/latex/base/atbegshi-ltx.sty
Package: atbegshi-ltx 2021/01/10 v1.0c Emulation of the original atbegshi
package with kernel methods
)

Package hyperref Warning: Option `pdfpagelabels' is turned off
(hyperref)                because \thepage is undefined.

\c@Item=\count193
\c@Hfootnote=\count194
)
Package hyperref Info: Driver (autodetected): hpdftex.
 (/usr/share/texlive/texmf-dist/tex/latex/hyperref/hpdftex.def
File: hpdftex.def 2021-06-07 v7.00m Hyperref driver for pdfTeX
\Fld@listcount=\count195
\c@bookmark@seq@number=\count196

(/usr/share/texlive/texmf-dist/tex/latex/rerunfilecheck/rerunfilecheck.sty
Package: rerunfilecheck 2019/12/05 v1.9 Rerun checks for auxiliary files (HO)

(/usr/share/texlive/texmf-dist/tex/latex/base/atveryend-ltx.sty
Package: atveryend-ltx 2020/08/19 v1.0a Emulation of the original atveryend pac
kage
with kernel methods
)
(/usr/share/texlive/texmf-dist/tex/generic/uniquecounter/uniquecounter.sty
Package: uniquecounter 2019/12/15 v1.4 Provide unlimited unique counter (HO)
)
Package uniquecounter Info: New unique counter `rerunfilecheck' on input line 2
86.
)
\Hy@SectionHShift=\skip47
)
(/usr/share/texlive/texmf-dist/tex/latex/tools/xspace.sty
Package: xspace 2014/10/28 v1.13 Space after command names (DPC,MH)
)
(/usr/share/texlive/texmf-dist/tex/latex/graphics/graphicx.sty
Package: graphicx 2021/09/16 v1.2d Enhanced LaTeX Graphics (DPC,SPQR)

(/usr/share/texlive/texmf-dist/tex/latex/graphics/graphics.sty
Package: graphics 2021/03/04 v1.4d Standard LaTeX Graphics (DPC,SPQR)

(/usr/share/texlive/texmf-dist/tex/latex/graphics/trig.sty
Package: trig 2021/08/11 v1.11 sin cos tan (DPC)
)
(/usr/share/texlive/texmf-dist/tex/latex/graphics-cfg/graphics.cfg
File: graphics.cfg 2016/06/04 v1.11 sample graphics configuration
)
Package graphics Info: Driver file: pdftex.def on input line 107.

(/usr/share/texlive/texmf-dist/tex/latex/graphics-def/pdftex.def
File: pdftex.def 2020/10/05 v1.2a Graphics/color driver for pdftex
))
\Gin@req@height=\dimen154
\Gin@req@width=\dimen155
)
(/usr/share/texlive/texmf-dist/tex/latex/pdfsync/pdfsync.sty
Package: pdfsync 2008/01/26 v1.1
)
(/usr/share/texlive/texmf-dist/tex/latex/amsmath/amsmath.sty
Package: amsmath 2021/10/15 v2.17l AMS math features
\@mathmargin=\skip48

For additional information on amsmath, use the `?' option.
(/usr/share/texlive/texmf-dist/tex/latex/amsmath/amstext.sty
Package: amstext 2021/08/26 v2.01 AMS text

(/usr/share/texlive/texmf-dist/tex/latex/amsmath/amsgen.sty
File: amsgen.sty 1999/11/30 v2.0 generic functions
\@emptytoks=\toks18
\ex@=\dimen156
))
(/usr/share/texlive/texmf-dist/tex/latex/amsmath/amsbsy.sty
Package: amsbsy 1999/11/29 v1.2d Bold Symbols
\pmbraise@=\dimen157
)
(/usr/share/texlive/texmf-dist/tex/latex/amsmath/amsopn.sty
Package: amsopn 2021/08/26 v2.02 operator names
)
\inf@bad=\count197
LaTeX Info: Redefining \frac on input line 234.
\uproot@=\count198
\leftroot@=\count199
LaTeX Info: Redefining \overline on input line 399.
\classnum@=\count266
\DOTSCASE@=\count267
LaTeX Info: Redefining \ldots on input line 496.
LaTeX Info: Redefining \dots on input line 499.
LaTeX Info: Redefining \cdots on input line 620.
\Mathstrutbox@=\box50
\strutbox@=\box51
\big@size=\dimen158
LaTeX Font Info:    Redeclaring font encoding OML on input line 743.
LaTeX Font Info:    Redeclaring font encoding OMS on input line 744.
\macc@depth=\count268
\c@MaxMatrixCols=\count269
\dotsspace@=\muskip17
\c@parentequation=\count270
\dspbrk@lvl=\count271
\tag@help=\toks19
\row@=\count272
\column@=\count273
\maxfields@=\count274
\andhelp@=\toks20
\eqnshift@=\dimen159
\alignsep@=\dimen160
\tagshift@=\dimen161
\tagwidth@=\dimen162
\totwidth@=\dimen163
\lineht@=\dimen164
\@envbody=\toks21
\multlinegap=\skip49
\multlinetaggap=\skip50
\mathdisplay@stack=\toks22
LaTeX Info: Redefining \[ on input line 2938.
LaTeX Info: Redefining \] on input line 2939.
)
(/usr/share/texlive/texmf-dist/tex/latex/graphics/color.sty
Package: color 2021/12/07 v1.3c Standard LaTeX Color (DPC)

(/usr/share/texlive/texmf-dist/tex/latex/graphics-cfg/color.cfg
File: color.cfg 2016/01/02 v1.6 sample color configuration
)
Package color Info: Driver file: pdftex.def on input line 149.
)
\c@theorem=\count275

Document Class: ucr 2006/04/30 v3.2.1 University of California Riverside Thesis
 Class
(./uct11.clo)
\descriptionmargin=\dimen165
\c@part=\count276
\c@chapter=\count277
\c@section=\count278
\c@subsection=\count279
\c@subsubsection=\count280
\c@paragraph=\count281
\c@subparagraph=\count282
\c@figure=\count283
\c@table=\count284
) (/usr/share/texlive/texmf-dist/tex/latex/caption/subcaption.sty
Package: subcaption 2020/10/07 v1.3j Sub-captions (AR)

(/usr/share/texlive/texmf-dist/tex/latex/caption/caption.sty
Package: caption 2020/10/26 v3.5g Customizing captions (AR)

(/usr/share/texlive/texmf-dist/tex/latex/caption/caption3.sty
Package: caption3 2020/10/21 v2.2e caption3 kernel (AR)
\captionmargin=\dimen166
\captionmargin@=\dimen167
\captionwidth=\dimen168
\caption@tempdima=\dimen169
\caption@indent=\dimen170
\caption@parindent=\dimen171
\caption@hangindent=\dimen172
\abovecaptionskip=\skip51
\belowcaptionskip=\skip52
Package caption Info: Unknown document class (or package),
(caption)             standard defaults will be used.
Package caption Info: \@makecaption = \long macro:#1#2->\par \ifdim \prevdepth 
>-\p@ \vskip 10\p@ \relax \fi \setbox \@tempboxa \hbox {\vbox to\topskip {}#1: 
#2\unskip \strut }\ifdim \wd \@tempboxa >\hsize {\ssp #1: #2\unskip \strut \par
 } \else \hbox to\hsize {\hfil \unhbox \@tempboxa \hfil }\fi  on input line 113
9.
)

Package caption Warning: Unknown document class (or package),
(caption)                standard defaults will be used.
See the caption package documentation for explanation.

\c@caption@flags=\count285
\c@continuedfloat=\count286
Package caption Info: hyperref package is loaded.
)
\c@subfigure=\count287
\c@subtable=\count288
) (/usr/share/texlive/texmf-dist/tex/latex/booktabs/booktabs.sty
Package: booktabs 2020/01/12 v1.61803398 Publication quality tables
\heavyrulewidth=\dimen173
\lightrulewidth=\dimen174
\cmidrulewidth=\dimen175
\belowrulesep=\dimen176
\belowbottomsep=\dimen177
\aboverulesep=\dimen178
\abovetopsep=\dimen179
\cmidrulesep=\dimen180
\cmidrulekern=\dimen181
\defaultaddspace=\dimen182
\@cmidla=\count289
\@cmidlb=\count290
\@aboverulesep=\dimen183
\@belowrulesep=\dimen184
\@thisruleclass=\count291
\@lastruleclass=\count292
\@thisrulewidth=\dimen185
)
(/usr/share/texlive/texmf-dist/tex/latex/tools/tabularx.sty
Package: tabularx 2020/01/15 v2.11c `tabularx' package (DPC)

(/usr/share/texlive/texmf-dist/tex/latex/tools/array.sty
Package: array 2021/10/04 v2.5f Tabular extension package (FMi)
\col@sep=\dimen186
\ar@mcellbox=\box52
\extrarowheight=\dimen187
\NC@list=\toks23
\extratabsurround=\skip53
\backup@length=\skip54
\ar@cellbox=\box53
)
\TX@col@width=\dimen188
\TX@old@table=\dimen189
\TX@old@col=\dimen190
\TX@target=\dimen191
\TX@delta=\dimen192
\TX@cols=\count293
\TX@ftn=\toks24
)
(/usr/share/texlive/texmf-dist/tex/latex/algorithms/algorithm.sty
Package: algorithm 2009/08/24 v0.1 Document Style `algorithm' - floating enviro
nment

(/usr/share/texlive/texmf-dist/tex/latex/float/float.sty
Package: float 2001/11/08 v1.3d Float enhancements (AL)
\c@float@type=\count294
\float@exts=\toks25
\float@box=\box54
\@float@everytoks=\toks26
\@floatcapt=\box55
)
(/usr/share/texlive/texmf-dist/tex/latex/base/ifthen.sty
Package: ifthen 2020/11/24 v1.1c Standard LaTeX ifthen package (DPC)
)
\@float@every@algorithm=\toks27
\c@algorithm=\count295
)
(/usr/share/texlive/texmf-dist/tex/latex/algorithmicx/algpseudocode.sty
Package: algpseudocode 

(/usr/share/texlive/texmf-dist/tex/latex/algorithmicx/algorithmicx.sty
Package: algorithmicx 2005/04/27 v1.2 Algorithmicx

Document Style algorithmicx 1.2 - a greatly improved `algorithmic' style
\c@ALG@line=\count296
\c@ALG@rem=\count297
\c@ALG@nested=\count298
\ALG@tlm=\skip55
\ALG@thistlm=\skip56
\c@ALG@Lnr=\count299
\c@ALG@blocknr=\count300
\c@ALG@storecount=\count301
\c@ALG@tmpcounter=\count302
\ALG@tmplength=\skip57
)
Document Style - pseudocode environments for use with the `algorithmicx' style
) (/usr/share/texlive/texmf-dist/tex/latex/l3backend/l3backend-pdftex.def
File: l3backend-pdftex.def 2022-01-12 L3 backend support: PDF output (pdfTeX)
\l__color_backend_stack_int=\count303
\l__pdf_internal_box=\box56
)
(./thesis.aux)
\openout1 = `thesis.aux'.

LaTeX Font Info:    Checking defaults for OML/cmm/m/it on input line 45.
LaTeX Font Info:    ... okay on input line 45.
LaTeX Font Info:    Checking defaults for OMS/cmsy/m/n on input line 45.
LaTeX Font Info:    ... okay on input line 45.
LaTeX Font Info:    Checking defaults for OT1/cmr/m/n on input line 45.
LaTeX Font Info:    ... okay on input line 45.
LaTeX Font Info:    Checking defaults for T1/cmr/m/n on input line 45.
LaTeX Font Info:    ... okay on input line 45.
LaTeX Font Info:    Checking defaults for TS1/cmr/m/n on input line 45.
LaTeX Font Info:    ... okay on input line 45.
LaTeX Font Info:    Checking defaults for OMX/cmex/m/n on input line 45.
LaTeX Font Info:    ... okay on input line 45.
LaTeX Font Info:    Checking defaults for U/cmr/m/n on input line 45.
LaTeX Font Info:    ... okay on input line 45.
LaTeX Font Info:    Checking defaults for PD1/pdf/m/n on input line 45.
LaTeX Font Info:    ... okay on input line 45.
LaTeX Font Info:    Checking defaults for PU/pdf/m/n on input line 45.
LaTeX Font Info:    ... okay on input line 45.

*geometry* driver: auto-detecting
*geometry* detected driver: pdftex
*geometry* verbose mode - [ preamble ] result:
* driver: pdftex
* paper: <default>
* layout: <same size as paper>
* layoutoffset:(h,v)=(0.0pt,0.0pt)
* modes: 
* h-part:(L,W,R)=(108.405pt, 416.83289pt, 72.26999pt)
* v-part:(T,H,B)=(108.405pt, 664.37186pt, 72.26999pt)
* \paperwidth=597.50787pt
* \paperheight=845.04684pt
* \textwidth=433.62pt
* \textheight=607.22168pt
* \oddsidemargin=36.135pt
* \evensidemargin=36.135pt
* \topmargin=0.0pt
* \headheight=12.0pt
* \headsep=25.0pt
* \topskip=11.0pt
* \footskip=30.0pt
* \marginparwidth=0.0pt
* \marginparsep=10.0pt
* \columnsep=10.0pt
* \skip\footins=10.0pt plus 4.0pt minus 2.0pt
* \hoffset=0.0pt
* \voffset=0.0pt
* \mag=1000
* \@twocolumnfalse
* \@twosidefalse
* \@mparswitchfalse
* \@reversemarginfalse
* (1in=72.27pt=25.4mm, 1cm=28.453pt)

Package hyperref Info: Link coloring ON on input line 45.
(/usr/share/texlive/texmf-dist/tex/latex/hyperref/nameref.sty
Package: nameref 2021-04-02 v2.47 Cross-referencing by name of section

(/usr/share/texlive/texmf-dist/tex/latex/refcount/refcount.sty
Package: refcount 2019/12/15 v3.6 Data extraction from label references (HO)
)
(/usr/share/texlive/texmf-dist/tex/generic/gettitlestring/gettitlestring.sty
Package: gettitlestring 2019/12/15 v1.6 Cleanup title references (HO)
)
\c@section@level=\count304
)
LaTeX Info: Redefining \ref on input line 45.
LaTeX Info: Redefining \pageref on input line 45.
LaTeX Info: Redefining \nameref on input line 45.

(./thesis.out) (./thesis.out)
\@outlinefile=\write3
\openout3 = `thesis.out'.


(/usr/share/texlive/texmf-dist/tex/context/base/mkii/supp-pdf.mkii
[Loading MPS to PDF converter (version 2006.09.02).]
\scratchcounter=\count305
\scratchdimen=\dimen193
\scratchbox=\box57
\nofMPsegments=\count306
\nofMParguments=\count307
\everyMPshowfont=\toks28
\MPscratchCnt=\count308
\MPscratchDim=\dimen194
\MPnumerator=\count309
\makeMPintoPDFobject=\count310
\everyMPtoPDFconversion=\toks29
) (/usr/share/texlive/texmf-dist/tex/latex/epstopdf-pkg/epstopdf-base.sty
Package: epstopdf-base 2020-01-24 v2.11 Base part for package epstopdf
Package epstopdf-base Info: Redefining graphics rule for `.eps' on input line 4
85.

(/usr/share/texlive/texmf-dist/tex/latex/latexconfig/epstopdf-sys.cfg
File: epstopdf-sys.cfg 2010/07/13 v1.3 Configuration of (r)epstopdf for TeX Liv
e
))
Configuring pdfsync
\PDFSYNC@ut=\write4
\openout4 = `thesis.pdfsync'.

\PDFSYNCf@li@=\count311
\PDFSYNC@rder=\count312
**** pdfsync.sty: Synchronizing at \everypar
\PDFSYNCeveryp@r=\toks30
**** pdfsync.sty: Synchronizing at \everymath
\PDFSYNCeverym@th=\toks31
**** pdfsync.sty: Synchronizing at \everyhbox
\PDFSYNCeveryhb@x=\toks32
**** pdfsync.sty: Synchronizing at \everyvbox
\PDFSYNCeveryvb@x=\toks33
**** pdfsync.sty: started
Package caption Info: Begin \AtBeginDocument code.
Package caption Info: float package is loaded.
Package caption Info: End \AtBeginDocument code.

Underfull \hbox (badness 10000) in paragraph at lines 66--66

 []

[1

{/var/lib/texmf/fonts/map/pdftex/updmap/pdftex.map}] [2]
Underfull \hbox (badness 10000) in paragraph at lines 68--68

 []

[3] (./abstract.tex [1]) (./thesis.toc)
\tf@toc=\write5
\openout5 = `thesis.toc'.

 [2

] (./thesis.lof)
\tf@lof=\write6
\openout6 = `thesis.lof'.

 [3

] (./thesis.lot)
\tf@lot=\write7
\openout7 = `thesis.lot'.


[4

] (./chapter1.tex
Chapter 1.
pdfTeX warning (ext4): destination with the same identifier (name{page.1}) has 
been already used, duplicate ignored
<to be read again> 
                   \relax 
l.17 
      [1

]
<figures/dcel_example/dcel_example.pdf, id=210, 226.52028pt x 193.74182pt>
File: figures/dcel_example/dcel_example.pdf Graphic file (type pdf)
<use figures/dcel_example/dcel_example.pdf>
Package pdftex.def Info: figures/dcel_example/dcel_example.pdf  used on input l
ine 20.
(pdftex.def)             Requested size: 260.17464pt x 222.54414pt.
pdfTeX warning (ext4): destination with the same identifier (name{page.2}) has 
been already used, duplicate ignored
<to be read again> 
                   \relax 
l.38 
      [2 <./figures/dcel_example/dcel_example.pdf>]pdfTeX warning (ext4): desti
nation with the same identifier (name{page.3}) has been already used, duplicate
 ignored
<to be read again> 
                   \relax 
l.55 
      [3] [4]) (./chapter2.tex [5]
Chapter 2.
(./chapter2/literature.tex [6

]) (./chapter2/methods.tex [7] [8] [9]
<figures/dcel_seq/dcel2.pdf, id=332, 475.75542pt x 141.27782pt>
File: figures/dcel_seq/dcel2.pdf Graphic file (type pdf)
<use figures/dcel_seq/dcel2.pdf>
Package pdftex.def Info: figures/dcel_seq/dcel2.pdf  used on input line 92.
(pdftex.def)             Requested size: 433.62pt x 128.76563pt.
 [10 <./figures/dcel_seq/dcel2.pdf>]
<figures/dcel_operators/dcel_operators.pdf, id=369, 982.87802pt x 213.2477pt>
File: figures/dcel_operators/dcel_operators.pdf Graphic file (type pdf)
<use figures/dcel_operators/dcel_operators.pdf>
Package pdftex.def Info: figures/dcel_operators/dcel_operators.pdf  used on inp
ut line 108.
(pdftex.def)             Requested size: 390.25534pt x 84.66956pt.
 [11 <./figures/dcel_operators/dcel_operators.pdf>]
[12] [13]
<figures/partition_schema/PolygonsParted.pdf, id=447, 930.148pt x 506.25235pt>
File: figures/partition_schema/PolygonsParted.pdf Graphic file (type pdf)
<use figures/partition_schema/PolygonsParted.pdf>
Package pdftex.def Info: figures/partition_schema/PolygonsParted.pdf  used on i
nput line 152.
(pdftex.def)             Requested size: 281.85034pt x 153.39865pt.
 [14 <./figures/partition_schema/PolygonsParted.pdf>]
<figures/overlay_partition/overlay_partition.pdf, id=481, 328.07468pt x 125.143
54pt>
File: figures/overlay_partition/overlay_partition.pdf Graphic file (type pdf)
<use figures/overlay_partition/overlay_partition.pdf>
Package pdftex.def Info: figures/overlay_partition/overlay_partition.pdf  used 
on input line 175.
(pdftex.def)             Requested size: 390.25534pt x 148.86726pt.
<figures/distributed_dcel/distributed_dcel.pdf, id=482, 237.48424pt x 237.48424
pt>
File: figures/distributed_dcel/distributed_dcel.pdf Graphic file (type pdf)
<use figures/distributed_dcel/distributed_dcel.pdf>
Package pdftex.def Info: figures/distributed_dcel/distributed_dcel.pdf  used on
 input line 181.
(pdftex.def)             Requested size: 260.17464pt x 260.18982pt.
<figures/empty_cells/emptycells2.pdf, id=483, page=1, 946.40674pt x 939.74084pt
>
File: figures/empty_cells/emptycells2.pdf Graphic file (type pdf)
<use figures/empty_cells/emptycells2.pdf, page 1>
Package pdftex.def Info: figures/empty_cells/emptycells2.pdf , page1 used on in
put line 187.
(pdftex.def)             Requested size: 99.73074pt x 99.02701pt.


Package caption Warning: Cannot determine current font size.
(caption)                Try setting it with `size=' explicitly on input line 1
87.
See the caption package documentation for explanation.


Package caption Warning: Cannot determine current font size.
(caption)                Try setting it with `size=' explicitly on input line 1
87.
See the caption package documentation for explanation.

<figures/empty_cells/example.pdf, id=484, page=1, 947.07426pt x 940.40733pt>
File: figures/empty_cells/example.pdf Graphic file (type pdf)
<use figures/empty_cells/example.pdf, page 1>
Package pdftex.def Info: figures/empty_cells/example.pdf , page1 used on input 
line 188.
(pdftex.def)             Requested size: 95.39693pt x 94.72066pt.

Package caption Warning: Cannot determine current font size.
(caption)                Try setting it with `size=' explicitly on input line 1
88.
See the caption package documentation for explanation.


Package caption Warning: Cannot determine current font size.
(caption)                Try setting it with `size=' explicitly on input line 1
88.
See the caption package documentation for explanation.

<figures/empty_cells/example.pdf, id=485, page=2, 946.40674pt x 939.74084pt>
File: figures/empty_cells/example.pdf Graphic file (type pdf)
<use figures/empty_cells/example.pdf, page 2>
Package pdftex.def Info: figures/empty_cells/example.pdf , page2 used on input 
line 189.
(pdftex.def)             Requested size: 95.39693pt x 94.72522pt.

Package caption Warning: Cannot determine current font size.
(caption)                Try setting it with `size=' explicitly on input line 1
89.
See the caption package documentation for explanation.


Package caption Warning: Cannot determine current font size.
(caption)                Try setting it with `size=' explicitly on input line 1
89.
See the caption package documentation for explanation.

<figures/empty_cells/example.pdf, id=486, page=3, 946.40674pt x 939.74084pt>
File: figures/empty_cells/example.pdf Graphic file (type pdf)
<use figures/empty_cells/example.pdf, page 3>
Package pdftex.def Info: figures/empty_cells/example.pdf , page3 used on input 
line 190.
(pdftex.def)             Requested size: 95.39693pt x 94.72522pt.

Package caption Warning: Cannot determine current font size.
(caption)                Try setting it with `size=' explicitly on input line 1
90.
See the caption package documentation for explanation.


Package caption Warning: Cannot determine current font size.
(caption)                Try setting it with `size=' explicitly on input line 1
90.
See the caption package documentation for explanation.

[15 <./figures/overlay_partition/overlay_partition.pdf>] [16 <./figures/distrib
uted_dcel/distributed_dcel.pdf> <./figures/empty_cells/emptycells2.pdf> <./figu
res/empty_cells/example.pdf> <./figures/empty_cells/example.pdf> <./figures/emp
ty_cells/example.pdf>] [17]
Package hyperref Info: bookmark level for unknown algorithm defaults to 0 on in
put line 235.
 [18] [19] [20]
<figures/overlay_operator/overlay.pdf, id=619, 231.79298pt x 253.0012pt>
File: figures/overlay_operator/overlay.pdf Graphic file (type pdf)
<use figures/overlay_operator/overlay.pdf>
Package pdftex.def Info: figures/overlay_operator/overlay.pdf  used on input li
ne 383.
(pdftex.def)             Requested size: 138.76157pt x 151.46216pt.


Package caption Warning: Cannot determine current font size.
(caption)                Try setting it with `size=' explicitly on input line 3
83.
See the caption package documentation for explanation.


Package caption Warning: Cannot determine current font size.
(caption)                Try setting it with `size=' explicitly on input line 3
83.
See the caption package documentation for explanation.

<figures/overlay_operator/operator.pdf, id=620, 228.02188pt x 252.50436pt>
File: figures/overlay_operator/operator.pdf Graphic file (type pdf)
<use figures/overlay_operator/operator.pdf>
Package pdftex.def Info: figures/overlay_operator/operator.pdf  used on input l
ine 385.
(pdftex.def)             Requested size: 138.76157pt x 153.6614pt.

Package caption Warning: Cannot determine current font size.
(caption)                Try setting it with `size=' explicitly on input line 3
85.
See the caption package documentation for explanation.


Package caption Warning: Cannot determine current font size.
(caption)                Try setting it with `size=' explicitly on input line 3
85.
See the caption package documentation for explanation.

<figures/overlay_operator/reduce.pdf, id=621, 228.02188pt x 252.50436pt>
File: figures/overlay_operator/reduce.pdf Graphic file (type pdf)
<use figures/overlay_operator/reduce.pdf>
Package pdftex.def Info: figures/overlay_operator/reduce.pdf  used on input lin
e 387.
(pdftex.def)             Requested size: 138.76157pt x 153.6614pt.

Package caption Warning: Cannot determine current font size.
(caption)                Try setting it with `size=' explicitly on input line 3
87.
See the caption package documentation for explanation.


Package caption Warning: Cannot determine current font size.
(caption)                Try setting it with `size=' explicitly on input line 3
87.
See the caption package documentation for explanation.

[21 <./figures/overlay_operator/overlay.pdf> <./figures/overlay_operator/operat
or.pdf> <./figures/overlay_operator/reduce.pdf>] [22])
(./chapter2/experiments.tex [23] [24]
<figures/experiments/Overlay_Tester.pdf, id=698, 433.62pt x 252.945pt>
File: figures/experiments/Overlay_Tester.pdf Graphic file (type pdf)
<use figures/experiments/Overlay_Tester.pdf>
Package pdftex.def Info: figures/experiments/Overlay_Tester.pdf  used on input 
line 49.
(pdftex.def)             Requested size: 346.89731pt x 202.36784pt.

Overfull \hbox (7.33098pt too wide) in paragraph at lines 55--58
[][][]\OT1/cmr/m/n/10.95 For these ex-per-i-ments we com-pared the tra-di-tiona
l sweep ap-proach with the `filtered-
 []

[25]
<figures/experiments/Unbalance_Tester01.pdf, id=705, 433.62pt x 252.945pt>
File: figures/experiments/Unbalance_Tester01.pdf Graphic file (type pdf)
<use figures/experiments/Unbalance_Tester01.pdf>
Package pdftex.def Info: figures/experiments/Unbalance_Tester01.pdf  used on in
put line 65.
(pdftex.def)             Requested size: 208.13574pt x 121.41222pt.


Package caption Warning: Cannot determine current font size.
(caption)                Try setting it with `size=' explicitly on input line 6
5.
See the caption package documentation for explanation.


Package caption Warning: Cannot determine current font size.
(caption)                Try setting it with `size=' explicitly on input line 6
5.
See the caption package documentation for explanation.

<figures/experiments/Unbalance_Tester02.pdf, id=706, 433.62pt x 252.945pt>
File: figures/experiments/Unbalance_Tester02.pdf Graphic file (type pdf)
<use figures/experiments/Unbalance_Tester02.pdf>
Package pdftex.def Info: figures/experiments/Unbalance_Tester02.pdf  used on in
put line 69.
(pdftex.def)             Requested size: 208.13574pt x 121.41222pt.

Package caption Warning: Cannot determine current font size.
(caption)                Try setting it with `size=' explicitly on input line 6
9.
See the caption package documentation for explanation.


Package caption Warning: Cannot determine current font size.
(caption)                Try setting it with `size=' explicitly on input line 6
9.
See the caption package documentation for explanation.

[26 <./figures/experiments/Overlay_Tester.pdf>] [27 <./figures/experiments/Unba
lance_Tester01.pdf> <./figures/experiments/Unbalance_Tester02.pdf>]
<figures/experiments/CA.pdf, id=735, 433.62pt x 252.945pt>
File: figures/experiments/CA.pdf Graphic file (type pdf)
<use figures/experiments/CA.pdf>
Package pdftex.def Info: figures/experiments/CA.pdf  used on input line 95.
(pdftex.def)             Requested size: 325.215pt x 189.716pt.


Package caption Warning: Cannot determine current font size.
(caption)                Try setting it with `size=' explicitly on input line 9
5.
See the caption package documentation for explanation.


Package caption Warning: Cannot determine current font size.
(caption)                Try setting it with `size=' explicitly on input line 9
5.
See the caption package documentation for explanation.

<figures/experiments/CA_sample.pdf, id=736, 433.62pt x 252.945pt>
File: figures/experiments/CA_sample.pdf Graphic file (type pdf)
<use figures/experiments/CA_sample.pdf>
Package pdftex.def Info: figures/experiments/CA_sample.pdf  used on input line 
98.
(pdftex.def)             Requested size: 325.215pt x 189.716pt.

Package caption Warning: Cannot determine current font size.
(caption)                Try setting it with `size=' explicitly on input line 9
8.
See the caption package documentation for explanation.


Package caption Warning: Cannot determine current font size.
(caption)                Try setting it with `size=' explicitly on input line 9
8.
See the caption package documentation for explanation.

<figures/experiments/MainUS2.pdf, id=737, 433.62pt x 289.08pt>
File: figures/experiments/MainUS2.pdf Graphic file (type pdf)
<use figures/experiments/MainUS2.pdf>
Package pdftex.def Info: figures/experiments/MainUS2.pdf  used on input line 10
7.
(pdftex.def)             Requested size: 325.215pt x 216.81828pt.

Package caption Warning: Cannot determine current font size.
(caption)                Try setting it with `size=' explicitly on input line 1
07.
See the caption package documentation for explanation.


Package caption Warning: Cannot determine current font size.
(caption)                Try setting it with `size=' explicitly on input line 1
07.
See the caption package documentation for explanation.

<figures/experiments/GADM2.pdf, id=738, 433.62pt x 252.945pt>
File: figures/experiments/GADM2.pdf Graphic file (type pdf)
<use figures/experiments/GADM2.pdf>
Package pdftex.def Info: figures/experiments/GADM2.pdf  used on input line 110.

(pdftex.def)             Requested size: 325.215pt x 189.716pt.

Package caption Warning: Cannot determine current font size.
(caption)                Try setting it with `size=' explicitly on input line 1
10.
See the caption package documentation for explanation.


Package caption Warning: Cannot determine current font size.
(caption)                Try setting it with `size=' explicitly on input line 1
10.
See the caption package documentation for explanation.

[28] [29 <./figures/experiments/CA.pdf> <./figures/experiments/CA_sample.pdf>]
[30 <./figures/experiments/MainUS2.pdf> <./figures/experiments/GADM2.pdf>]
<figures/experiments/MainUS_speedup.pdf, id=775, 433.62pt x 252.945pt>
File: figures/experiments/MainUS_speedup.pdf Graphic file (type pdf)
<use figures/experiments/MainUS_speedup.pdf>
Package pdftex.def Info: figures/experiments/MainUS_speedup.pdf  used on input 
line 132.
(pdftex.def)             Requested size: 325.215pt x 189.716pt.


Package caption Warning: Cannot determine current font size.
(caption)                Try setting it with `size=' explicitly on input line 1
32.
See the caption package documentation for explanation.


Package caption Warning: Cannot determine current font size.
(caption)                Try setting it with `size=' explicitly on input line 1
32.
See the caption package documentation for explanation.

<figures/experiments/MainUS_scaleup.pdf, id=776, 433.62pt x 252.945pt>
File: figures/experiments/MainUS_scaleup.pdf Graphic file (type pdf)
<use figures/experiments/MainUS_scaleup.pdf>
Package pdftex.def Info: figures/experiments/MainUS_scaleup.pdf  used on input 
line 135.
(pdftex.def)             Requested size: 325.215pt x 189.716pt.

Package caption Warning: Cannot determine current font size.
(caption)                Try setting it with `size=' explicitly on input line 1
35.
See the caption package documentation for explanation.


Package caption Warning: Cannot determine current font size.
(caption)                Try setting it with `size=' explicitly on input line 1
35.
See the caption package documentation for explanation.

<figures/experiments/GADM_speedup.pdf, id=777, 433.62pt x 252.945pt>
File: figures/experiments/GADM_speedup.pdf Graphic file (type pdf)
<use figures/experiments/GADM_speedup.pdf>
Package pdftex.def Info: figures/experiments/GADM_speedup.pdf  used on input li
ne 145.
(pdftex.def)             Requested size: 325.215pt x 189.716pt.

Package caption Warning: Cannot determine current font size.
(caption)                Try setting it with `size=' explicitly on input line 1
45.
See the caption package documentation for explanation.


Package caption Warning: Cannot determine current font size.
(caption)                Try setting it with `size=' explicitly on input line 1
45.
See the caption package documentation for explanation.

<figures/experiments/GADM_scaleup.pdf, id=778, 433.62pt x 252.945pt>
File: figures/experiments/GADM_scaleup.pdf Graphic file (type pdf)
<use figures/experiments/GADM_scaleup.pdf>
Package pdftex.def Info: figures/experiments/GADM_scaleup.pdf  used on input li
ne 149.
(pdftex.def)             Requested size: 325.215pt x 189.716pt.

Package caption Warning: Cannot determine current font size.
(caption)                Try setting it with `size=' explicitly on input line 1
49.
See the caption package documentation for explanation.


Package caption Warning: Cannot determine current font size.
(caption)                Try setting it with `size=' explicitly on input line 1
49.
See the caption package documentation for explanation.

[31] [32 <./figures/experiments/MainUS_speedup.pdf> <./figures/experiments/Main
US_scaleup.pdf>] [33 <./figures/experiments/GADM_speedup.pdf> <./figures/experi
ments/GADM_scaleup.pdf>])) (./chapter3.tex [34]
Chapter 3.
(./chapter3/intro.tex

LaTeX Warning: Citation `li_swarm:_2010' on page 35 undefined on input line 4.

[35

]

LaTeX Warning: Citation `di_lorenzo_allaboard:_2016' on page 36 undefined on in
put line 6.


LaTeX Warning: Citation `vieira_2009' on page 36 undefined on input line 8.

[36]

LaTeX Warning: Citation `vieira_2009' on page 37 undefined on input line 13.


LaTeX Warning: Citation `calderon_romero_mining_2011' on page 37 undefined on i
nput line 15.


LaTeX Warning: Citation `calderon_romero_mining_2011' on page 37 undefined on i
nput line 19.

[37]

LaTeX Warning: Citation `eldawy_spatialhadoop:_2014' on page 38 undefined on in
put line 25.


LaTeX Warning: Citation `pellechia_geomesa:_2015-1' on page 38 undefined on inp
ut line 25.


LaTeX Warning: Citation `xie_simba:_2016-1' on page 38 undefined on input line 
25.

)) (./conclusions.tex [38]
Chapter 4.
) (./thesis.bbl [39

] [40

] [41]
Underfull \hbox (badness 1454) in paragraph at lines 220--224
[][][]\OT1/cmr/m/n/10.95 Mark Theodoor De Berg, Marc Van Krev-eld, Mark Over-ma
rs, and Ot-fried
 []

[42] [43] [44] [45] [46] [47] [48] [49] [50] [51]) (./appendix.tex) [52]
(./thesis.aux)

LaTeX Warning: There were undefined references.

Package rerunfilecheck Info: File `thesis.out' has not changed.
(rerunfilecheck)             Checksum: D74EE10FFE271D2B33B7E97C28C2C485;4388.
 ) 
Here is how much of TeX's memory you used:
 12680 strings out of 478287
 212193 string characters out of 5849288
 509625 words of memory out of 5000000
 30386 multiletter control sequences out of 15000+600000
 480216 words of font info for 66 fonts, out of 8000000 for 9000
 1141 hyphenation exceptions out of 8191
 75i,26n,78p,1020b,604s stack positions out of 5000i,500n,10000p,200000b,80000s
pdfTeX warning (dest): name{Hfootnote.2} has been referenced but does not exi
st, replaced by a fixed one

pdfTeX warning (dest): name{Hfootnote.1} has been referenced but does not exist
, replaced by a fixed one

</usr/share/texlive/texmf-dist/fonts/type1/public/amsfonts/cm/cmbx10.pfb></usr/
share/texlive/texmf-dist/fonts/type1/public/amsfonts/cm/cmbx12.pfb></usr/share/
texlive/texmf-dist/fonts/type1/public/amsfonts/cm/cmbxti10.pfb></usr/share/texl
ive/texmf-dist/fonts/type1/public/amsfonts/cm/cmcsc10.pfb></usr/share/texlive/t
exmf-dist/fonts/type1/public/amsfonts/cm/cmmi10.pfb></usr/share/texlive/texmf-d
ist/fonts/type1/public/amsfonts/cm/cmmi12.pfb></usr/share/texlive/texmf-dist/fo
nts/type1/public/amsfonts/cm/cmmi8.pfb></usr/share/texlive/texmf-dist/fonts/typ
e1/public/amsfonts/cm/cmr10.pfb></usr/share/texlive/texmf-dist/fonts/type1/publ
ic/amsfonts/cm/cmr12.pfb></usr/share/texlive/texmf-dist/fonts/type1/public/amsf
onts/cm/cmr6.pfb></usr/share/texlive/texmf-dist/fonts/type1/public/amsfonts/cm/
cmr7.pfb></usr/share/texlive/texmf-dist/fonts/type1/public/amsfonts/cm/cmr8.pfb
></usr/share/texlive/texmf-dist/fonts/type1/public/amsfonts/cm/cmr9.pfb></usr/s
hare/texlive/texmf-dist/fonts/type1/public/amsfonts/cm/cmsy10.pfb></usr/share/t
exlive/texmf-dist/fonts/type1/public/amsfonts/cm/cmsy7.pfb></usr/share/texlive/
texmf-dist/fonts/type1/public/amsfonts/cm/cmsy8.pfb></usr/share/texlive/texmf-d
ist/fonts/type1/public/amsfonts/cm/cmti10.pfb></usr/share/texlive/texmf-dist/fo
nts/type1/public/amsfonts/cm/cmtt9.pfb>
Output written on thesis.pdf (59 pages, 542632 bytes).
PDF statistics:
 1184 PDF objects out of 1200 (max. 8388607)
 983 compressed objects within 10 object streams
 264 named destinations out of 1000 (max. 500000)
 305 words of extra memory for PDF output out of 10000 (max. 10000000)

