\BOOKMARK [0][-]{Doc-Start}{\376\377\000L\000i\000s\000t\000\040\000o\000f\000\040\000F\000i\000g\000u\000r\000e\000s}{}% 1
\BOOKMARK [0][-]{Doc-Start}{\376\377\000L\000i\000s\000t\000\040\000o\000f\000\040\000T\000a\000b\000l\000e\000s}{}% 2
\BOOKMARK [0][-]{chapter.1}{\376\377\000B\000a\000c\000k\000g\000r\000o\000u\000n\000d\000\040\000\046\000\040\000M\000o\000t\000i\000v\000a\000t\000i\000o\000n}{}% 3
\BOOKMARK [1][-]{section.2}{\376\377\000B\000a\000c\000k\000g\000r\000o\000u\000n\000d}{chapter.1}% 4
\BOOKMARK [1][-]{section.3}{\376\377\000M\000o\000t\000i\000v\000a\000t\000i\000o\000n}{chapter.1}% 5
\BOOKMARK [0][-]{chapter.4}{\376\377\000S\000c\000a\000l\000a\000b\000l\000e\000\040\000O\000v\000e\000r\000l\000a\000y\000\040\000O\000p\000e\000r\000a\000t\000i\000o\000n\000s\000\040\000o\000v\000e\000r\000\040\000D\000C\000E\000L\000\040\000P\000o\000l\000y\000g\000o\000n\000\040\000L\000a\000y\000e\000r\000s}{}% 6
\BOOKMARK [1][-]{section.5}{\376\377\000I\000n\000t\000r\000o\000d\000u\000c\000t\000i\000o\000n}{chapter.4}% 7
\BOOKMARK [1][-]{section.7}{\376\377\000R\000e\000l\000a\000t\000e\000d\000\040\000W\000o\000r\000k}{chapter.4}% 8
\BOOKMARK [1][-]{section.8}{\376\377\000P\000r\000e\000l\000i\000m\000i\000n\000a\000r\000i\000e\000s}{chapter.4}% 9
\BOOKMARK [1][-]{section.13}{\376\377\000S\000c\000a\000l\000a\000b\000l\000e\000\040\000O\000v\000e\000r\000l\000a\000y\000\040\000C\000o\000n\000s\000t\000r\000u\000c\000t\000i\000o\000n}{chapter.4}% 10
\BOOKMARK [2][-]{subsection.14}{\376\377\000P\000a\000r\000t\000i\000t\000i\000o\000n\000\040\000S\000t\000r\000a\000t\000e\000g\000y}{section.13}% 11
\BOOKMARK [2][-]{subsection.19}{\376\377\000L\000a\000b\000e\000l\000i\000n\000g\000\040\000O\000r\000p\000h\000a\000n\000\040\000C\000e\000l\000l\000s\000\040\000a\000n\000d\000\040\000H\000o\000l\000e\000s}{section.13}% 12
\BOOKMARK [2][-]{subsection.23}{\376\377\000A\000n\000s\000w\000e\000r\000i\000n\000g\000\040\000g\000l\000o\000b\000a\000l\000\040\000o\000v\000e\000r\000l\000a\000y\000\040\000q\000u\000e\000r\000i\000e\000s}{section.13}% 13
\BOOKMARK [1][-]{section.25}{\376\377\000O\000v\000e\000r\000l\000a\000y\000\040\000e\000v\000a\000l\000u\000a\000t\000i\000o\000n\000\040\000o\000p\000t\000i\000m\000i\000z\000a\000t\000i\000o\000n\000s}{chapter.4}% 14
\BOOKMARK [2][-]{subsection.26}{\376\377\000O\000p\000t\000i\000m\000i\000z\000a\000t\000i\000o\000n\000s\000\040\000f\000o\000r\000\040\000f\000a\000c\000e\000s\000\040\000s\000p\000a\000n\000n\000i\000n\000g\000\040\000m\000u\000l\000t\000i\000p\000l\000e\000\040\000c\000e\000l\000l\000s}{section.25}% 15
\BOOKMARK [2][-]{subsection.27}{\376\377\000O\000p\000t\000i\000m\000i\000z\000i\000n\000g\000\040\000f\000o\000r\000\040\000u\000n\000b\000a\000l\000a\000n\000c\000e\000d\000\040\000l\000a\000y\000e\000r\000s}{section.25}% 16
\BOOKMARK [1][-]{section.28}{\376\377\000E\000x\000p\000e\000r\000i\000m\000e\000n\000t\000a\000l\000\040\000E\000v\000a\000l\000u\000a\000t\000i\000o\000n}{chapter.4}% 17
\BOOKMARK [2][-]{subsection.29}{\376\377\000E\000v\000a\000l\000u\000a\000t\000i\000o\000n\000\040\000d\000a\000t\000a\000s\000e\000t\000s}{section.28}% 18
\BOOKMARK [2][-]{subsection.31}{\376\377\000O\000v\000e\000r\000l\000a\000y\000\040\000f\000a\000c\000e\000\040\000o\000p\000t\000i\000m\000i\000z\000a\000t\000i\000o\000n\000s}{section.28}% 19
\BOOKMARK [2][-]{subsection.34}{\376\377\000U\000n\000b\000a\000l\000a\000n\000c\000e\000d\000\040\000l\000a\000y\000e\000r\000s\000\040\000o\000p\000t\000i\000m\000i\000z\000a\000t\000i\000o\000n}{section.28}% 20
\BOOKMARK [2][-]{subsection.36}{\376\377\000V\000a\000r\000y\000i\000n\000g\000\040\000t\000h\000e\000\040\000n\000u\000m\000b\000e\000r\000\040\000o\000f\000\040\000c\000e\000l\000l\000s}{section.28}% 21
\BOOKMARK [2][-]{subsection.41}{\376\377\000S\000p\000e\000e\000d\000-\000u\000p\000\040\000a\000n\000d\000\040\000S\000c\000a\000l\000e\000-\000u\000p\000\040\000e\000x\000p\000e\000r\000i\000m\000e\000n\000t\000s}{section.28}% 22
\BOOKMARK [0][-]{chapter.44}{\376\377\000O\000n\000\040\000S\000c\000a\000l\000a\000b\000l\000e\000\040\000D\000C\000E\000L\000\040\000O\000v\000e\000r\000l\000a\000y\000\040\000O\000p\000e\000r\000a\000t\000i\000o\000n\000s}{}% 23
\BOOKMARK [1][-]{section.45}{\376\377\000I\000n\000t\000r\000o\000d\000u\000c\000t\000i\000o\000n}{chapter.44}% 24
\BOOKMARK [1][-]{section.47}{\376\377\000R\000e\000l\000a\000t\000e\000d\000\040\000W\000o\000r\000k}{chapter.44}% 25
\BOOKMARK [1][-]{section.48}{\376\377\000P\000r\000e\000l\000i\000m\000i\000n\000a\000r\000i\000e\000s}{chapter.44}% 26
\BOOKMARK [1][-]{section.51}{\376\377\000E\000x\000p\000e\000r\000i\000m\000e\000n\000t\000a\000l\000\040\000E\000v\000a\000l\000u\000a\000t\000i\000o\000n}{chapter.44}% 27
\BOOKMARK [2][-]{subsection.52}{\376\377\000K\000d\000-\000t\000r\000e\000e\000\040\000v\000e\000r\000s\000u\000s\000\040\000q\000u\000a\000d\000t\000r\000e\000e\000\040\000p\000e\000r\000f\000o\000r\000m\000a\000n\000c\000e}{section.51}% 28
\BOOKMARK [2][-]{subsection.58}{\376\377\000O\000v\000e\000r\000l\000a\000y\000i\000n\000g\000\040\000P\000o\000l\000y\000g\000o\000n\000s\000\040\000w\000i\000t\000h\000\040\000D\000a\000n\000g\000l\000e\000\040\000a\000n\000d\000\040\000C\000u\000t\000\040\000E\000d\000g\000e\000s}{section.51}% 29
\BOOKMARK [0][-]{chapter.61}{\376\377\000S\000c\000a\000l\000a\000b\000l\000e\000\040\000P\000r\000o\000c\000e\000s\000s\000i\000n\000g\000\040\000o\000f\000\040\000M\000o\000v\000i\000n\000g\000\040\000F\000l\000o\000c\000k\000\040\000P\000a\000t\000t\000e\000r\000n\000s}{}% 30
\BOOKMARK [1][-]{section.62}{\376\377\000I\000n\000t\000r\000o\000d\000u\000c\000t\000i\000o\000n}{chapter.61}% 31
\BOOKMARK [1][-]{section.63}{\376\377\000R\000e\000l\000a\000t\000e\000d\000\040\000w\000o\000r\000k}{chapter.61}% 32
\BOOKMARK [1][-]{section.64}{\376\377\000B\000a\000c\000k\000g\000r\000o\000u\000n\000d}{chapter.61}% 33
\BOOKMARK [2][-]{subsection.65}{\376\377\000T\000h\000e\000\040\000B\000F\000E\000\040\000s\000e\000q\000u\000e\000n\000t\000i\000a\000l\000\040\000a\000l\000g\000o\000r\000i\000t\000h\000m}{section.64}% 34
\BOOKMARK [2][-]{subsection.75}{\376\377\000T\000h\000e\000\040\000P\000S\000I\000\040\000s\000e\000q\000u\000e\000n\000t\000i\000a\000l\000\040\000a\000l\000g\000o\000r\000i\000t\000h\000m}{section.64}% 35
\BOOKMARK [1][-]{section.77}{\376\377\000B\000o\000t\000t\000l\000e\000n\000e\000c\000k\000s\000\040\000i\000n\000\040\000t\000h\000e\000\040\000s\000e\000q\000u\000e\000n\000t\000i\000a\000l\000\040\000a\000p\000p\000r\000o\000a\000c\000h\000\040\000a\000n\000d\000\040\000p\000r\000o\000p\000o\000s\000e\000d\000\040\000s\000o\000l\000u\000t\000i\000o\000n\000s}{chapter.61}% 36
\BOOKMARK [2][-]{subsection.78}{\376\377\000P\000h\000a\000s\000e\000\040\0001\000:\000\040\000S\000p\000a\000t\000i\000a\000l\000\040\000f\000i\000n\000d\000i\000n\000g\000\040\000o\000f\000\040\000m\000a\000x\000i\000m\000a\000l\000\040\000d\000i\000s\000k\000s\000.}{section.77}% 37
\BOOKMARK [2][-]{subsection.81}{\376\377\000P\000h\000a\000s\000e\000\040\0002\000:\000\040\000T\000e\000m\000p\000o\000r\000a\000l\000\040\000j\000o\000i\000n}{section.77}% 38
\BOOKMARK [1][-]{section.85}{\376\377\000E\000x\000p\000e\000r\000i\000m\000e\000n\000t\000a\000l\000\040\000E\000v\000a\000l\000u\000a\000t\000i\000o\000n}{chapter.61}% 39
\BOOKMARK [2][-]{subsection.86}{\376\377\000E\000x\000p\000e\000r\000i\000m\000e\000n\000t\000a\000l\000\040\000S\000e\000t\000u\000p}{section.85}% 40
\BOOKMARK [2][-]{subsection.88}{\376\377\000O\000p\000t\000i\000m\000i\000z\000i\000n\000g\000\040\000t\000h\000e\000\040\000n\000u\000m\000b\000e\000r\000\040\000o\000f\000\040\000p\000a\000r\000t\000i\000t\000i\000o\000n\000s\000\040\000f\000o\000r\000\040\000P\000h\000a\000s\000e\000\040\0001\000.}{section.85}% 41
\BOOKMARK [2][-]{subsection.90}{\376\377\000A\000n\000a\000l\000y\000z\000i\000n\000g\000\040\000m\000o\000s\000t\000\040\000c\000o\000s\000t\000l\000y\000\040\000p\000a\000r\000t\000i\000t\000i\000o\000n\000s\000.}{section.85}% 42
\BOOKMARK [2][-]{subsection.94}{\376\377\000C\000a\000n\000\040\000w\000e\000\040\000r\000e\000d\000u\000c\000e\000\040\000p\000r\000u\000n\000i\000n\000g\000\040\000t\000i\000m\000e\000?}{section.85}% 43
\BOOKMARK [2][-]{subsection.96}{\376\377\000R\000e\000l\000a\000t\000i\000v\000e\000\040\000p\000e\000r\000f\000o\000r\000m\000a\000n\000c\000e\000\040\000o\000f\000\040\000B\000F\000E\000\040\000a\000n\000d\000\040\000P\000S\000I\000\040\000P\000h\000a\000s\000e\000\040\0001\000\040\000u\000s\000i\000n\000g\000\040\000s\000y\000n\000t\000h\000e\000t\000i\000c\000\040\000d\000a\000t\000a\000s\000e\000t\000s\000.}{section.85}% 44
\BOOKMARK [2][-]{subsection.99}{\376\377\000E\000v\000a\000l\000u\000a\000t\000i\000o\000n\000\040\000o\000f\000\040\000P\000h\000a\000s\000e\000\040\0002\000:\000\040\000T\000e\000m\000p\000o\000r\000a\000l\000\040\000j\000o\000i\000n\000.}{section.85}% 45
\BOOKMARK [0][-]{chapter.105}{\376\377\000A\000p\000p\000e\000n\000d\000i\000x}{}% 46
\BOOKMARK [1][-]{section.106}{\376\377\000C\000e\000n\000t\000e\000r\000\040\000c\000o\000m\000p\000u\000t\000a\000t\000i\000o\000n\000.}{chapter.105}% 47
\BOOKMARK [1][-]{section.108}{\376\377\000D\000i\000s\000k\000\040\000p\000r\000u\000n\000i\000n\000g\000.}{chapter.105}% 48
\BOOKMARK [1][-]{section.110}{\376\377\000C\000l\000i\000q\000u\000e\000\040\000a\000n\000d\000\040\000M\000B\000C\000\040\000a\000p\000p\000r\000o\000a\000c\000h\000.}{chapter.105}% 49
\BOOKMARK [0][-]{section*.112}{\376\377\000B\000i\000b\000l\000i\000o\000g\000r\000a\000p\000h\000y}{}% 50
