This is pdfTeX, Version 3.141592653-2.6-1.40.22 (TeX Live 2022/dev/Debian) (preloaded format=pdflatex 2024.3.20)  24 OCT 2024 11:59
entering extended mode
 restricted \write18 enabled.
 %&-line parsing enabled.
**thesis.tex
(./thesis.tex
LaTeX2e <2021-11-15> patch level 1
L3 programming layer <2022-01-21> (./ucr.cls
(/usr/share/texlive/texmf-dist/tex/latex/anysize/anysize.sty
Package: anysize 1994/08/13 setting margin sizes

document style option `anysize' loaded
Michael Salzenberg, Thomas Esser, Dirk Hillbrecht
Version 1.0, Aug 13, 1994
\@Leftmargin=\dimen138
\@Rightmargin=\dimen139
\@Topmargin=\dimen140
\@Bottommargin=\dimen141
) (/usr/share/texlive/texmf-dist/tex/latex/geometry/geometry.sty
Package: geometry 2020/01/02 v5.9 Page Geometry

(/usr/share/texlive/texmf-dist/tex/latex/graphics/keyval.sty
Package: keyval 2014/10/28 v1.15 key=value parser (DPC)
\KV@toks@=\toks16
)
(/usr/share/texlive/texmf-dist/tex/generic/iftex/ifvtex.sty
Package: ifvtex 2019/10/25 v1.7 ifvtex legacy package. Use iftex instead.

(/usr/share/texlive/texmf-dist/tex/generic/iftex/iftex.sty
Package: iftex 2020/03/06 v1.0d TeX engine tests
))
\Gm@cnth=\count185
\Gm@cntv=\count186
\c@Gm@tempcnt=\count187
\Gm@bindingoffset=\dimen142
\Gm@wd@mp=\dimen143
\Gm@odd@mp=\dimen144
\Gm@even@mp=\dimen145
\Gm@layoutwidth=\dimen146
\Gm@layoutheight=\dimen147
\Gm@layouthoffset=\dimen148
\Gm@layoutvoffset=\dimen149
\Gm@dimlist=\toks17
)
(/usr/share/texlive/texmf-dist/tex/latex/hyperref/hyperref.sty
Package: hyperref 2021-06-07 v7.00m Hypertext links for LaTeX

(/usr/share/texlive/texmf-dist/tex/generic/ltxcmds/ltxcmds.sty
Package: ltxcmds 2020-05-10 v1.25 LaTeX kernel commands for general use (HO)
)
(/usr/share/texlive/texmf-dist/tex/generic/pdftexcmds/pdftexcmds.sty
Package: pdftexcmds 2020-06-27 v0.33 Utility functions of pdfTeX for LuaTeX (HO
)

(/usr/share/texlive/texmf-dist/tex/generic/infwarerr/infwarerr.sty
Package: infwarerr 2019/12/03 v1.5 Providing info/warning/error messages (HO)
)
Package pdftexcmds Info: \pdf@primitive is available.
Package pdftexcmds Info: \pdf@ifprimitive is available.
Package pdftexcmds Info: \pdfdraftmode found.
)
(/usr/share/texlive/texmf-dist/tex/generic/kvsetkeys/kvsetkeys.sty
Package: kvsetkeys 2019/12/15 v1.18 Key value parser (HO)
)
(/usr/share/texlive/texmf-dist/tex/generic/kvdefinekeys/kvdefinekeys.sty
Package: kvdefinekeys 2019-12-19 v1.6 Define keys (HO)
)
(/usr/share/texlive/texmf-dist/tex/generic/pdfescape/pdfescape.sty
Package: pdfescape 2019/12/09 v1.15 Implements pdfTeX's escape features (HO)
)
(/usr/share/texlive/texmf-dist/tex/latex/hycolor/hycolor.sty
Package: hycolor 2020-01-27 v1.10 Color options for hyperref/bookmark (HO)
)
(/usr/share/texlive/texmf-dist/tex/latex/letltxmacro/letltxmacro.sty
Package: letltxmacro 2019/12/03 v1.6 Let assignment for LaTeX macros (HO)
)
(/usr/share/texlive/texmf-dist/tex/latex/auxhook/auxhook.sty
Package: auxhook 2019-12-17 v1.6 Hooks for auxiliary files (HO)
)
(/usr/share/texlive/texmf-dist/tex/latex/kvoptions/kvoptions.sty
Package: kvoptions 2020-10-07 v3.14 Key value format for package options (HO)
)
\@linkdim=\dimen150
\Hy@linkcounter=\count188
\Hy@pagecounter=\count189

(/usr/share/texlive/texmf-dist/tex/latex/hyperref/pd1enc.def
File: pd1enc.def 2021-06-07 v7.00m Hyperref: PDFDocEncoding definition (HO)
Now handling font encoding PD1 ...
... no UTF-8 mapping file for font encoding PD1
)
(/usr/share/texlive/texmf-dist/tex/latex/hyperref/hyperref-langpatches.def
File: hyperref-langpatches.def 2021-06-07 v7.00m Hyperref: patches for babel la
nguages
)
(/usr/share/texlive/texmf-dist/tex/generic/intcalc/intcalc.sty
Package: intcalc 2019/12/15 v1.3 Expandable calculations with integers (HO)
)
(/usr/share/texlive/texmf-dist/tex/generic/etexcmds/etexcmds.sty
Package: etexcmds 2019/12/15 v1.7 Avoid name clashes with e-TeX commands (HO)
)
\Hy@SavedSpaceFactor=\count190

(/usr/share/texlive/texmf-dist/tex/latex/hyperref/puenc.def
File: puenc.def 2021-06-07 v7.00m Hyperref: PDF Unicode definition (HO)
Now handling font encoding PU ...
... no UTF-8 mapping file for font encoding PU
)
Package hyperref Info: Option `final' set `true' on input line 4073.
Package hyperref Info: Option `colorlinks' set `true' on input line 4073.
Package hyperref Info: Hyper figures OFF on input line 4192.
Package hyperref Info: Link nesting OFF on input line 4197.
Package hyperref Info: Hyper index ON on input line 4200.
Package hyperref Info: Plain pages OFF on input line 4207.
Package hyperref Info: Backreferencing OFF on input line 4212.
Package hyperref Info: Implicit mode ON; LaTeX internals redefined.
Package hyperref Info: Bookmarks ON on input line 4445.
\c@Hy@tempcnt=\count191

(/usr/share/texlive/texmf-dist/tex/latex/url/url.sty
\Urlmuskip=\muskip16
Package: url 2013/09/16  ver 3.4  Verb mode for urls, etc.
)
LaTeX Info: Redefining \url on input line 4804.
\XeTeXLinkMargin=\dimen151

(/usr/share/texlive/texmf-dist/tex/generic/bitset/bitset.sty
Package: bitset 2019/12/09 v1.3 Handle bit-vector datatype (HO)

(/usr/share/texlive/texmf-dist/tex/generic/bigintcalc/bigintcalc.sty
Package: bigintcalc 2019/12/15 v1.5 Expandable calculations on big integers (HO
)
))
\Fld@menulength=\count192
\Field@Width=\dimen152
\Fld@charsize=\dimen153
Package hyperref Info: Hyper figures OFF on input line 6076.
Package hyperref Info: Link nesting OFF on input line 6081.
Package hyperref Info: Hyper index ON on input line 6084.
Package hyperref Info: backreferencing OFF on input line 6091.
Package hyperref Info: Link coloring ON on input line 6094.
Package hyperref Info: Link coloring with OCG OFF on input line 6101.
Package hyperref Info: PDF/A mode OFF on input line 6106.
LaTeX Info: Redefining \ref on input line 6146.
LaTeX Info: Redefining \pageref on input line 6150.

(/usr/share/texlive/texmf-dist/tex/latex/base/atbegshi-ltx.sty
Package: atbegshi-ltx 2021/01/10 v1.0c Emulation of the original atbegshi
package with kernel methods
)

Package hyperref Warning: Option `pdfpagelabels' is turned off
(hyperref)                because \thepage is undefined.

\c@Item=\count193
\c@Hfootnote=\count194
)
Package hyperref Info: Driver (autodetected): hpdftex.
 (/usr/share/texlive/texmf-dist/tex/latex/hyperref/hpdftex.def
File: hpdftex.def 2021-06-07 v7.00m Hyperref driver for pdfTeX
\Fld@listcount=\count195
\c@bookmark@seq@number=\count196

(/usr/share/texlive/texmf-dist/tex/latex/rerunfilecheck/rerunfilecheck.sty
Package: rerunfilecheck 2019/12/05 v1.9 Rerun checks for auxiliary files (HO)

(/usr/share/texlive/texmf-dist/tex/latex/base/atveryend-ltx.sty
Package: atveryend-ltx 2020/08/19 v1.0a Emulation of the original atveryend pac
kage
with kernel methods
)
(/usr/share/texlive/texmf-dist/tex/generic/uniquecounter/uniquecounter.sty
Package: uniquecounter 2019/12/15 v1.4 Provide unlimited unique counter (HO)
)
Package uniquecounter Info: New unique counter `rerunfilecheck' on input line 2
86.
)
\Hy@SectionHShift=\skip47
)
(/usr/share/texlive/texmf-dist/tex/latex/tools/xspace.sty
Package: xspace 2014/10/28 v1.13 Space after command names (DPC,MH)
)
(/usr/share/texlive/texmf-dist/tex/latex/graphics/graphicx.sty
Package: graphicx 2021/09/16 v1.2d Enhanced LaTeX Graphics (DPC,SPQR)

(/usr/share/texlive/texmf-dist/tex/latex/graphics/graphics.sty
Package: graphics 2021/03/04 v1.4d Standard LaTeX Graphics (DPC,SPQR)

(/usr/share/texlive/texmf-dist/tex/latex/graphics/trig.sty
Package: trig 2021/08/11 v1.11 sin cos tan (DPC)
)
(/usr/share/texlive/texmf-dist/tex/latex/graphics-cfg/graphics.cfg
File: graphics.cfg 2016/06/04 v1.11 sample graphics configuration
)
Package graphics Info: Driver file: pdftex.def on input line 107.

(/usr/share/texlive/texmf-dist/tex/latex/graphics-def/pdftex.def
File: pdftex.def 2020/10/05 v1.2a Graphics/color driver for pdftex
))
\Gin@req@height=\dimen154
\Gin@req@width=\dimen155
)
(/usr/share/texlive/texmf-dist/tex/latex/pdfsync/pdfsync.sty
Package: pdfsync 2008/01/26 v1.1
)
(/usr/share/texlive/texmf-dist/tex/latex/amsmath/amsmath.sty
Package: amsmath 2021/10/15 v2.17l AMS math features
\@mathmargin=\skip48

For additional information on amsmath, use the `?' option.
(/usr/share/texlive/texmf-dist/tex/latex/amsmath/amstext.sty
Package: amstext 2021/08/26 v2.01 AMS text

(/usr/share/texlive/texmf-dist/tex/latex/amsmath/amsgen.sty
File: amsgen.sty 1999/11/30 v2.0 generic functions
\@emptytoks=\toks18
\ex@=\dimen156
))
(/usr/share/texlive/texmf-dist/tex/latex/amsmath/amsbsy.sty
Package: amsbsy 1999/11/29 v1.2d Bold Symbols
\pmbraise@=\dimen157
)
(/usr/share/texlive/texmf-dist/tex/latex/amsmath/amsopn.sty
Package: amsopn 2021/08/26 v2.02 operator names
)
\inf@bad=\count197
LaTeX Info: Redefining \frac on input line 234.
\uproot@=\count198
\leftroot@=\count199
LaTeX Info: Redefining \overline on input line 399.
\classnum@=\count266
\DOTSCASE@=\count267
LaTeX Info: Redefining \ldots on input line 496.
LaTeX Info: Redefining \dots on input line 499.
LaTeX Info: Redefining \cdots on input line 620.
\Mathstrutbox@=\box50
\strutbox@=\box51
\big@size=\dimen158
LaTeX Font Info:    Redeclaring font encoding OML on input line 743.
LaTeX Font Info:    Redeclaring font encoding OMS on input line 744.
\macc@depth=\count268
\c@MaxMatrixCols=\count269
\dotsspace@=\muskip17
\c@parentequation=\count270
\dspbrk@lvl=\count271
\tag@help=\toks19
\row@=\count272
\column@=\count273
\maxfields@=\count274
\andhelp@=\toks20
\eqnshift@=\dimen159
\alignsep@=\dimen160
\tagshift@=\dimen161
\tagwidth@=\dimen162
\totwidth@=\dimen163
\lineht@=\dimen164
\@envbody=\toks21
\multlinegap=\skip49
\multlinetaggap=\skip50
\mathdisplay@stack=\toks22
LaTeX Info: Redefining \[ on input line 2938.
LaTeX Info: Redefining \] on input line 2939.
)
(/usr/share/texlive/texmf-dist/tex/latex/graphics/color.sty
Package: color 2021/12/07 v1.3c Standard LaTeX Color (DPC)

(/usr/share/texlive/texmf-dist/tex/latex/graphics-cfg/color.cfg
File: color.cfg 2016/01/02 v1.6 sample color configuration
)
Package color Info: Driver file: pdftex.def on input line 149.
)
\c@theorem=\count275

Document Class: ucr 2006/04/30 v3.2.1 University of California Riverside Thesis
 Class
(./uct11.clo)
\descriptionmargin=\dimen165
\c@part=\count276
\c@chapter=\count277
\c@section=\count278
\c@subsection=\count279
\c@subsubsection=\count280
\c@paragraph=\count281
\c@subparagraph=\count282
\c@figure=\count283
\c@table=\count284
) (/usr/share/texlive/texmf-dist/tex/latex/caption/subcaption.sty
Package: subcaption 2020/10/07 v1.3j Sub-captions (AR)

(/usr/share/texlive/texmf-dist/tex/latex/caption/caption.sty
Package: caption 2020/10/26 v3.5g Customizing captions (AR)

(/usr/share/texlive/texmf-dist/tex/latex/caption/caption3.sty
Package: caption3 2020/10/21 v2.2e caption3 kernel (AR)
\captionmargin=\dimen166
\captionmargin@=\dimen167
\captionwidth=\dimen168
\caption@tempdima=\dimen169
\caption@indent=\dimen170
\caption@parindent=\dimen171
\caption@hangindent=\dimen172
\abovecaptionskip=\skip51
\belowcaptionskip=\skip52
Package caption Info: Unknown document class (or package),
(caption)             standard defaults will be used.
Package caption Info: \@makecaption = \long macro:#1#2->\par \ifdim \prevdepth 
>-\p@ \vskip 10\p@ \relax \fi \setbox \@tempboxa \hbox {\vbox to\topskip {}#1: 
#2\unskip \strut }\ifdim \wd \@tempboxa >\hsize {\ssp #1: #2\unskip \strut \par
 } \else \hbox to\hsize {\hfil \unhbox \@tempboxa \hfil }\fi  on input line 113
9.
)

Package caption Warning: Unknown document class (or package),
(caption)                standard defaults will be used.
See the caption package documentation for explanation.

\c@caption@flags=\count285
\c@continuedfloat=\count286
Package caption Info: hyperref package is loaded.
)
\c@subfigure=\count287
\c@subtable=\count288
) (/usr/share/texlive/texmf-dist/tex/latex/booktabs/booktabs.sty
Package: booktabs 2020/01/12 v1.61803398 Publication quality tables
\heavyrulewidth=\dimen173
\lightrulewidth=\dimen174
\cmidrulewidth=\dimen175
\belowrulesep=\dimen176
\belowbottomsep=\dimen177
\aboverulesep=\dimen178
\abovetopsep=\dimen179
\cmidrulesep=\dimen180
\cmidrulekern=\dimen181
\defaultaddspace=\dimen182
\@cmidla=\count289
\@cmidlb=\count290
\@aboverulesep=\dimen183
\@belowrulesep=\dimen184
\@thisruleclass=\count291
\@lastruleclass=\count292
\@thisrulewidth=\dimen185
)
(/usr/share/texlive/texmf-dist/tex/latex/tools/tabularx.sty
Package: tabularx 2020/01/15 v2.11c `tabularx' package (DPC)

(/usr/share/texlive/texmf-dist/tex/latex/tools/array.sty
Package: array 2021/10/04 v2.5f Tabular extension package (FMi)
\col@sep=\dimen186
\ar@mcellbox=\box52
\extrarowheight=\dimen187
\NC@list=\toks23
\extratabsurround=\skip53
\backup@length=\skip54
\ar@cellbox=\box53
)
\TX@col@width=\dimen188
\TX@old@table=\dimen189
\TX@old@col=\dimen190
\TX@target=\dimen191
\TX@delta=\dimen192
\TX@cols=\count293
\TX@ftn=\toks24
)
(/usr/share/texlive/texmf-dist/tex/latex/multirow/multirow.sty
Package: multirow 2021/03/15 v2.8 Span multiple rows of a table
\multirow@colwidth=\skip55
\multirow@cntb=\count294
\multirow@dima=\skip56
\bigstrutjot=\dimen193
)
(/usr/share/texlive/texmf-dist/tex/latex/algorithms/algorithm.sty
Package: algorithm 2009/08/24 v0.1 Document Style `algorithm' - floating enviro
nment

(/usr/share/texlive/texmf-dist/tex/latex/float/float.sty
Package: float 2001/11/08 v1.3d Float enhancements (AL)
\c@float@type=\count295
\float@exts=\toks25
\float@box=\box54
\@float@everytoks=\toks26
\@floatcapt=\box55
)
(/usr/share/texlive/texmf-dist/tex/latex/base/ifthen.sty
Package: ifthen 2020/11/24 v1.1c Standard LaTeX ifthen package (DPC)
)
\@float@every@algorithm=\toks27
\c@algorithm=\count296
)
(/usr/share/texlive/texmf-dist/tex/latex/algorithmicx/algorithmicx.sty
Package: algorithmicx 2005/04/27 v1.2 Algorithmicx

Document Style algorithmicx 1.2 - a greatly improved `algorithmic' style
\c@ALG@line=\count297
\c@ALG@rem=\count298
\c@ALG@nested=\count299
\ALG@tlm=\skip57
\ALG@thistlm=\skip58
\c@ALG@Lnr=\count300
\c@ALG@blocknr=\count301
\c@ALG@storecount=\count302
\c@ALG@tmpcounter=\count303
\ALG@tmplength=\skip59
) (/usr/share/texlive/texmf-dist/tex/latex/algorithmicx/algpseudocode.sty
Package: algpseudocode 

Document Style - pseudocode environments for use with the `algorithmicx' style
) (/usr/share/texlive/texmf-dist/tex/latex/listings/listings.sty
\lst@mode=\count304
\lst@gtempboxa=\box56
\lst@token=\toks28
\lst@length=\count305
\lst@currlwidth=\dimen194
\lst@column=\count306
\lst@pos=\count307
\lst@lostspace=\dimen195
\lst@width=\dimen196
\lst@newlines=\count308
\lst@lineno=\count309
\lst@maxwidth=\dimen197

(/usr/share/texlive/texmf-dist/tex/latex/listings/lstmisc.sty
File: lstmisc.sty 2020/03/24 1.8d (Carsten Heinz)
\c@lstnumber=\count310
\lst@skipnumbers=\count311
\lst@framebox=\box57
)
(/usr/share/texlive/texmf-dist/tex/latex/listings/listings.cfg
File: listings.cfg 2020/03/24 1.8d listings configuration
))
Package: listings 2020/03/24 1.8d (Carsten Heinz)

(/usr/share/texlive/texmf-dist/tex/latex/l3backend/l3backend-pdftex.def
File: l3backend-pdftex.def 2022-01-12 L3 backend support: PDF output (pdfTeX)
\l__color_backend_stack_int=\count312
\l__pdf_internal_box=\box58
)
(./thesis.aux)
\openout1 = `thesis.aux'.

LaTeX Font Info:    Checking defaults for OML/cmm/m/it on input line 50.
LaTeX Font Info:    ... okay on input line 50.
LaTeX Font Info:    Checking defaults for OMS/cmsy/m/n on input line 50.
LaTeX Font Info:    ... okay on input line 50.
LaTeX Font Info:    Checking defaults for OT1/cmr/m/n on input line 50.
LaTeX Font Info:    ... okay on input line 50.
LaTeX Font Info:    Checking defaults for T1/cmr/m/n on input line 50.
LaTeX Font Info:    ... okay on input line 50.
LaTeX Font Info:    Checking defaults for TS1/cmr/m/n on input line 50.
LaTeX Font Info:    ... okay on input line 50.
LaTeX Font Info:    Checking defaults for OMX/cmex/m/n on input line 50.
LaTeX Font Info:    ... okay on input line 50.
LaTeX Font Info:    Checking defaults for U/cmr/m/n on input line 50.
LaTeX Font Info:    ... okay on input line 50.
LaTeX Font Info:    Checking defaults for PD1/pdf/m/n on input line 50.
LaTeX Font Info:    ... okay on input line 50.
LaTeX Font Info:    Checking defaults for PU/pdf/m/n on input line 50.
LaTeX Font Info:    ... okay on input line 50.

*geometry* driver: auto-detecting
*geometry* detected driver: pdftex
*geometry* verbose mode - [ preamble ] result:
* driver: pdftex
* paper: <default>
* layout: <same size as paper>
* layoutoffset:(h,v)=(0.0pt,0.0pt)
* modes: 
* h-part:(L,W,R)=(108.405pt, 416.83289pt, 72.26999pt)
* v-part:(T,H,B)=(108.405pt, 664.37186pt, 72.26999pt)
* \paperwidth=597.50787pt
* \paperheight=845.04684pt
* \textwidth=433.62pt
* \textheight=607.22168pt
* \oddsidemargin=36.135pt
* \evensidemargin=36.135pt
* \topmargin=0.0pt
* \headheight=12.0pt
* \headsep=25.0pt
* \topskip=11.0pt
* \footskip=30.0pt
* \marginparwidth=0.0pt
* \marginparsep=10.0pt
* \columnsep=10.0pt
* \skip\footins=10.0pt plus 4.0pt minus 2.0pt
* \hoffset=0.0pt
* \voffset=0.0pt
* \mag=1000
* \@twocolumnfalse
* \@twosidefalse
* \@mparswitchfalse
* \@reversemarginfalse
* (1in=72.27pt=25.4mm, 1cm=28.453pt)

Package hyperref Info: Link coloring ON on input line 50.
(/usr/share/texlive/texmf-dist/tex/latex/hyperref/nameref.sty
Package: nameref 2021-04-02 v2.47 Cross-referencing by name of section

(/usr/share/texlive/texmf-dist/tex/latex/refcount/refcount.sty
Package: refcount 2019/12/15 v3.6 Data extraction from label references (HO)
)
(/usr/share/texlive/texmf-dist/tex/generic/gettitlestring/gettitlestring.sty
Package: gettitlestring 2019/12/15 v1.6 Cleanup title references (HO)
)
\c@section@level=\count313
)
LaTeX Info: Redefining \ref on input line 50.
LaTeX Info: Redefining \pageref on input line 50.
LaTeX Info: Redefining \nameref on input line 50.

(./thesis.out) (./thesis.out)
\@outlinefile=\write3
\openout3 = `thesis.out'.


(/usr/share/texlive/texmf-dist/tex/context/base/mkii/supp-pdf.mkii
[Loading MPS to PDF converter (version 2006.09.02).]
\scratchcounter=\count314
\scratchdimen=\dimen198
\scratchbox=\box59
\nofMPsegments=\count315
\nofMParguments=\count316
\everyMPshowfont=\toks29
\MPscratchCnt=\count317
\MPscratchDim=\dimen199
\MPnumerator=\count318
\makeMPintoPDFobject=\count319
\everyMPtoPDFconversion=\toks30
) (/usr/share/texlive/texmf-dist/tex/latex/epstopdf-pkg/epstopdf-base.sty
Package: epstopdf-base 2020-01-24 v2.11 Base part for package epstopdf
Package epstopdf-base Info: Redefining graphics rule for `.eps' on input line 4
85.

(/usr/share/texlive/texmf-dist/tex/latex/latexconfig/epstopdf-sys.cfg
File: epstopdf-sys.cfg 2010/07/13 v1.3 Configuration of (r)epstopdf for TeX Liv
e
))
Configuring pdfsync
\PDFSYNC@ut=\write4
\openout4 = `thesis.pdfsync'.

\PDFSYNCf@li@=\count320
\PDFSYNC@rder=\count321
**** pdfsync.sty: Synchronizing at \everypar
\PDFSYNCeveryp@r=\toks31
**** pdfsync.sty: Synchronizing at \everymath
\PDFSYNCeverym@th=\toks32
**** pdfsync.sty: Synchronizing at \everyhbox
\PDFSYNCeveryhb@x=\toks33
**** pdfsync.sty: Synchronizing at \everyvbox
\PDFSYNCeveryvb@x=\toks34
**** pdfsync.sty: started
Package caption Info: Begin \AtBeginDocument code.
Package caption Info: float package is loaded.
Package caption Info: listings package is loaded.
Package caption Info: End \AtBeginDocument code.
\c@lstlisting=\count322

Underfull \hbox (badness 10000) in paragraph at lines 70--70

 []

[1

{/var/lib/texmf/fonts/map/pdftex/updmap/pdftex.map}] [2]
Underfull \hbox (badness 10000) in paragraph at lines 72--72

 []

[3] (./abstract.tex [1]) (./thesis.toc [2

])
\tf@toc=\write5
\openout5 = `thesis.toc'.

 [3] (./thesis.lof [4

])
\tf@lof=\write6
\openout6 = `thesis.lof'.

 [5]
(./thesis.lot)
\tf@lot=\write7
\openout7 = `thesis.lot'.

 [6

] (./chapter1.tex
Chapter 1.
pdfTeX warning (ext4): destination with the same identifier (name{page.1}) has 
been already used, duplicate ignored
<to be read again> 
                   \relax 
l.17 
      [1

]
<figures/dcel_example/dcel_example.pdf, id=308, 226.52028pt x 193.74182pt>
File: figures/dcel_example/dcel_example.pdf Graphic file (type pdf)
<use figures/dcel_example/dcel_example.pdf>
Package pdftex.def Info: figures/dcel_example/dcel_example.pdf  used on input l
ine 20.
(pdftex.def)             Requested size: 260.17464pt x 222.54414pt.
pdfTeX warning (ext4): destination with the same identifier (name{page.2}) has 
been already used, duplicate ignored
<to be read again> 
                   \relax 
l.38 
      [2 <./figures/dcel_example/dcel_example.pdf>]pdfTeX warning (ext4): desti
nation with the same identifier (name{page.3}) has been already used, duplicate
 ignored
<to be read again> 
                   \relax 
l.55 
      [3]) (./chapter2.tex [4]
Chapter 2.
(./chapter2/introduction.tex [5

]
<chapter2/dcel_example2.pdf, id=371, 227.59529pt x 193.74182pt>
File: chapter2/dcel_example2.pdf Graphic file (type pdf)
<use chapter2/dcel_example2.pdf>
Package pdftex.def Info: chapter2/dcel_example2.pdf  used on input line 14.
(pdftex.def)             Requested size: 260.17464pt x 221.47398pt.
 [6 <./chapter2/dcel_example2.pdf>] [7]
[8] [9]) (./chapter2/literature.tex [10]) (./chapter2/methods.tex [11] [12]
[13] [14]
<chapter2/dcel2.pdf, id=517, 475.75542pt x 141.27782pt>
File: chapter2/dcel2.pdf Graphic file (type pdf)
<use chapter2/dcel2.pdf>
Package pdftex.def Info: chapter2/dcel2.pdf  used on input line 80.
(pdftex.def)             Requested size: 433.62pt x 128.76563pt.
 [15] [16 <./chapter2/dcel2.pdf>]
<chapter2/dcel_operators.pdf, id=559, 584.53986pt x 440.86906pt>
File: chapter2/dcel_operators.pdf Graphic file (type pdf)
<use chapter2/dcel_operators.pdf>
Package pdftex.def Info: chapter2/dcel_operators.pdf  used on input line 90.
(pdftex.def)             Requested size: 346.89731pt x 261.63754pt.
 [17 <./chapter2/dcel_operators.pdf>] [18] [19] [20]
<chapter2/polygons_parted.pdf, id=652, 930.148pt x 506.25235pt>
File: chapter2/polygons_parted.pdf Graphic file (type pdf)
<use chapter2/polygons_parted.pdf>
Package pdftex.def Info: chapter2/polygons_parted.pdf  used on input line 133.
(pdftex.def)             Requested size: 433.62pt x 236.00745pt.
<chapter2/overlay_partition.pdf, id=656, 328.07468pt x 125.14354pt>
File: chapter2/overlay_partition.pdf Graphic file (type pdf)
<use chapter2/overlay_partition.pdf>
Package pdftex.def Info: chapter2/overlay_partition.pdf  used on input line 141
.
(pdftex.def)             Requested size: 390.25534pt x 148.86726pt.
<chapter2/distributed_dcel.pdf, id=657, 237.48424pt x 237.48424pt>
File: chapter2/distributed_dcel.pdf Graphic file (type pdf)
<use chapter2/distributed_dcel.pdf>
Package pdftex.def Info: chapter2/distributed_dcel.pdf  used on input line 147.

(pdftex.def)             Requested size: 260.17464pt x 260.18982pt.
 [21] [22 <./chapter2/polygons_parted.pdf> <./chapter2/overlay_partition.pdf>] 
[23 <./chapter2/distributed_dcel.pdf>]
<chapter2/orphan_cells.pdf, id=784, 847.40086pt x 769.77988pt>
File: chapter2/orphan_cells.pdf Graphic file (type pdf)
<use chapter2/orphan_cells.pdf>
Package pdftex.def Info: chapter2/orphan_cells.pdf  used on input line 166.
(pdftex.def)             Requested size: 433.62pt x 393.90982pt.
 [24] [25 <./chapter2/orphan_cells.pdf>] [26] [27]
Package hyperref Info: bookmark level for unknown algorithm defaults to 0 on in
put line 224.


LaTeX Warning: Float too large for page by 240.0961pt on input line 258.

[28] [29] [30]
<chapter2/overlay_operator.pdf, id=850, 634.33986pt x 224.5188pt>
File: chapter2/overlay_operator.pdf Graphic file (type pdf)
<use chapter2/overlay_operator.pdf>
Package pdftex.def Info: chapter2/overlay_operator.pdf  used on input line 305.

(pdftex.def)             Requested size: 433.62pt x 153.47925pt.
 [31 <./chapter2/overlay_operator.pdf>] [32] [33])
(./chapter2/Laila-DDCEL.tex [34]
<chapter2/model/overview_updated.png, id=941, 309.02652pt x 176.77242pt>
File: chapter2/model/overview_updated.png Graphic file (type png)
<use chapter2/model/overview_updated.png>
Package pdftex.def Info: chapter2/model/overview_updated.png  used on input lin
e 11.
(pdftex.def)             Requested size: 325.215pt x 186.04807pt.
 [35 <./chapter2/model/overview_updated.png>]
(./chapter2/04a-gen.tex [36]
<chapter2/model/input-network.png, id=963, 689.57625pt x 586.19pt>
File: chapter2/model/input-network.png Graphic file (type png)
<use chapter2/model/input-network.png>
Package pdftex.def Info: chapter2/model/input-network.png  used on input line 1
0.
(pdftex.def)             Requested size: 325.215pt x 276.45746pt.
 [37 <./chapter2/model/input-network.png>]
<chapter2/model/ddcel-1.png, id=970, 725.71124pt x 625.33624pt>
File: chapter2/model/ddcel-1.png Graphic file (type png)
<use chapter2/model/ddcel-1.png>
Package pdftex.def Info: chapter2/model/ddcel-1.png  used on input line 43.
(pdftex.def)             Requested size: 325.215pt x 280.2346pt.
 [38]
[39 <./chapter2/model/ddcel-1.png>] [40]
<chapter2/model/ddcel-2.png, id=986, 726.715pt x 625.33624pt>
File: chapter2/model/ddcel-2.png Graphic file (type png)
<use chapter2/model/ddcel-2.png>
Package pdftex.def Info: chapter2/model/ddcel-2.png  used on input line 83.
(pdftex.def)             Requested size: 325.215pt x 279.85292pt.
 [41 <./chapter2/model/ddcel-2.png>]
<chapter2/model/ddcel-3.png, id=994, 725.71124pt x 625.33624pt>
File: chapter2/model/ddcel-3.png Graphic file (type png)
<use chapter2/model/ddcel-3.png>
Package pdftex.def Info: chapter2/model/ddcel-3.png  used on input line 102.
(pdftex.def)             Requested size: 325.215pt x 280.2346pt.
)
(./chapter2/04b-rem.tex [42] [43 <./chapter2/model/ddcel-3.png>] [44])
(./chapter2/05-partitioning.tex [45] [46])

pdfTeX warning: /usr/bin/pdflatex (file ./chapter2/model/DangleOverlay1.pdf): P
DF inclusion: found PDF version <1.7>, but at most version <1.5> allowed
<chapter2/model/DangleOverlay1.pdf, id=1020, 614.295pt x 650.43pt>
File: chapter2/model/DangleOverlay1.pdf Graphic file (type pdf)
<use chapter2/model/DangleOverlay1.pdf>
Package pdftex.def Info: chapter2/model/DangleOverlay1.pdf  used on input line 
42.
(pdftex.def)             Requested size: 325.215pt x 344.3491pt.


pdfTeX warning: /usr/bin/pdflatex (file ./chapter2/model/DangleOverlay2.pdf): P
DF inclusion: found PDF version <1.7>, but at most version <1.5> allowed
<chapter2/model/DangleOverlay2.pdf, id=1021, 505.89pt x 397.485pt>
File: chapter2/model/DangleOverlay2.pdf Graphic file (type pdf)
<use chapter2/model/DangleOverlay2.pdf>
Package pdftex.def Info: chapter2/model/DangleOverlay2.pdf  used on input line 
49.
(pdftex.def)             Requested size: 325.215pt x 255.52977pt.


pdfTeX warning: /usr/bin/pdflatex (file ./chapter2/model/DangleOverlay3.pdf): P
DF inclusion: found PDF version <1.7>, but at most version <1.5> allowed
<chapter2/model/DangleOverlay3.pdf, id=1022, 505.89pt x 397.485pt>
File: chapter2/model/DangleOverlay3.pdf Graphic file (type pdf)
<use chapter2/model/DangleOverlay3.pdf>
Package pdftex.def Info: chapter2/model/DangleOverlay3.pdf  used on input line 
56.
(pdftex.def)             Requested size: 325.215pt x 255.52977pt.
[47] [48 <./chapter2/model/DangleOverlay1.pdf>] [49 <./chapter2/model/DangleOve
rlay2.pdf>] [50 <./chapter2/model/DangleOverlay3.pdf>])
(./chapter2/experiments.tex [51] [52] [53]
<chapter2/Overlay_Tester.pdf, id=1120, 433.62pt x 252.945pt>
File: chapter2/Overlay_Tester.pdf Graphic file (type pdf)
<use chapter2/Overlay_Tester.pdf>
Package pdftex.def Info: chapter2/Overlay_Tester.pdf  used on input line 61.
(pdftex.def)             Requested size: 433.62pt x 252.95595pt.
 [54]
<chapter2/Unbalance_Tester01.pdf, id=1127, 433.62pt x 252.945pt>
File: chapter2/Unbalance_Tester01.pdf Graphic file (type pdf)
<use chapter2/Unbalance_Tester01.pdf>
Package pdftex.def Info: chapter2/Unbalance_Tester01.pdf  used on input line 74
.
(pdftex.def)             Requested size: 212.47617pt x 123.94412pt.
<chapter2/Unbalance_Tester02.pdf, id=1128, 433.62pt x 252.945pt>
File: chapter2/Unbalance_Tester02.pdf Graphic file (type pdf)
<use chapter2/Unbalance_Tester02.pdf>
Package pdftex.def Info: chapter2/Unbalance_Tester02.pdf  used on input line 74
.
(pdftex.def)             Requested size: 212.47617pt x 123.94412pt.

Overfull \hbox (15.33237pt too wide) in paragraph at lines 73--77
 [][][][] 
 []

[55 <./chapter2/Overlay_Tester.pdf>] [56 <./chapter2/Unbalance_Tester01.pdf> <.
/chapter2/Unbalance_Tester02.pdf>]
Overfull \hbox (1.38457pt too wide) in paragraph at lines 92--93
[][][]\OT1/cmr/m/n/10.95 In ad-di-tion, Fig-ure [][]2.19[][](a) shows the per-f
or-mance of the se-quen-tial so-lu-tion (CGAL
 []

<chapter2/CA.pdf, id=1157, 433.62pt x 252.945pt>
File: chapter2/CA.pdf Graphic file (type pdf)
<use chapter2/CA.pdf>
Package pdftex.def Info: chapter2/CA.pdf  used on input line 97.
(pdftex.def)             Requested size: 216.81pt x 126.47218pt.
<chapter2/CA_sample.pdf, id=1158, 433.62pt x 252.945pt>
File: chapter2/CA_sample.pdf Graphic file (type pdf)
<use chapter2/CA_sample.pdf>
Package pdftex.def Info: chapter2/CA_sample.pdf  used on input line 98.
(pdftex.def)             Requested size: 195.12767pt x 113.82419pt.

Overfull \hbox (2.3177pt too wide) in paragraph at lines 96--101
 [][][][] 
 []

<chapter2/MainUS.pdf, id=1159, 361.35pt x 289.08pt>
File: chapter2/MainUS.pdf Graphic file (type pdf)
<use chapter2/MainUS.pdf>
Package pdftex.def Info: chapter2/MainUS.pdf  used on input line 107.
(pdftex.def)             Requested size: 212.47617pt x 169.98228pt.
<chapter2/GADM.pdf, id=1160, 361.35pt x 289.08pt>
File: chapter2/GADM.pdf Graphic file (type pdf)
<use chapter2/GADM.pdf>
Package pdftex.def Info: chapter2/GADM.pdf  used on input line 108.
(pdftex.def)             Requested size: 212.47617pt x 169.98228pt.

Overfull \hbox (15.33237pt too wide) in paragraph at lines 106--111
 [][][][] 
 []

[57] [58 <./chapter2/CA.pdf> <./chapter2/CA_sample.pdf> <./chapter2/MainUS.pdf>
 <./chapter2/GADM.pdf>] [59]
<chapter2/MainUS_speedup.pdf, id=1199, 505.89pt x 361.35pt>
File: chapter2/MainUS_speedup.pdf Graphic file (type pdf)
<use chapter2/MainUS_speedup.pdf>
Package pdftex.def Info: chapter2/MainUS_speedup.pdf  used on input line 160.
(pdftex.def)             Requested size: 212.47617pt x 151.77147pt.
<chapter2/MainUS_scaleup.pdf, id=1200, 505.89pt x 361.35pt>
File: chapter2/MainUS_scaleup.pdf Graphic file (type pdf)
<use chapter2/MainUS_scaleup.pdf>
Package pdftex.def Info: chapter2/MainUS_scaleup.pdf  used on input line 160.
(pdftex.def)             Requested size: 212.47617pt x 151.77147pt.

Overfull \hbox (15.33237pt too wide) in paragraph at lines 159--163
 [][][][] 
 []

[60]
<chapter2/GADM_speedup.pdf, id=1205, 505.89pt x 361.35pt>
File: chapter2/GADM_speedup.pdf Graphic file (type pdf)
<use chapter2/GADM_speedup.pdf>
Package pdftex.def Info: chapter2/GADM_speedup.pdf  used on input line 169.
(pdftex.def)             Requested size: 212.47617pt x 151.77147pt.
<chapter2/GADM_scaleup.pdf, id=1206, 505.89pt x 361.35pt>
File: chapter2/GADM_scaleup.pdf Graphic file (type pdf)
<use chapter2/GADM_scaleup.pdf>
Package pdftex.def Info: chapter2/GADM_scaleup.pdf  used on input line 169.
(pdftex.def)             Requested size: 212.47617pt x 151.77147pt.

Overfull \hbox (15.33237pt too wide) in paragraph at lines 168--172
 [][][][] 
 []

[61 <./chapter2/MainUS_speedup.pdf> <./chapter2/MainUS_scaleup.pdf>]
<chapter2/K_Creation_US.pdf, id=1224, 433.62pt x 289.08pt>
File: chapter2/K_Creation_US.pdf Graphic file (type pdf)
<use chapter2/K_Creation_US.pdf>
Package pdftex.def Info: chapter2/K_Creation_US.pdf  used on input line 189.
(pdftex.def)             Requested size: 212.47617pt x 141.65044pt.
<chapter2/K_Creation_GADM.pdf, id=1225, 433.62pt x 289.08pt>
File: chapter2/K_Creation_GADM.pdf Graphic file (type pdf)
<use chapter2/K_Creation_GADM.pdf>
Package pdftex.def Info: chapter2/K_Creation_GADM.pdf  used on input line 189.
(pdftex.def)             Requested size: 212.47617pt x 141.65044pt.

Overfull \hbox (15.33237pt too wide) in paragraph at lines 188--192
 [][][][] 
 []

<chapter2/K_Space_US.pdf, id=1226, 433.62pt x 289.08pt>
File: chapter2/K_Space_US.pdf Graphic file (type pdf)
<use chapter2/K_Space_US.pdf>
Package pdftex.def Info: chapter2/K_Space_US.pdf  used on input line 199.
(pdftex.def)             Requested size: 212.47617pt x 141.65044pt.
<chapter2/K_Space_GADM.pdf, id=1227, 433.62pt x 289.08pt>
File: chapter2/K_Space_GADM.pdf Graphic file (type pdf)
<use chapter2/K_Space_GADM.pdf>
Package pdftex.def Info: chapter2/K_Space_GADM.pdf  used on input line 199.
(pdftex.def)             Requested size: 212.47617pt x 141.65044pt.

Overfull \hbox (15.33237pt too wide) in paragraph at lines 198--202
 [][][][] 
 []

[62 <./chapter2/GADM_speedup.pdf> <./chapter2/GADM_scaleup.pdf>] [63 <./chapter
2/K_Creation_US.pdf> <./chapter2/K_Creation_GADM.pdf> <./chapter2/K_Space_US.pd
f> <./chapter2/K_Space_GADM.pdf>]
<chapter2/K_Partitioning_US.pdf, id=1268, 433.62pt x 289.08pt>
File: chapter2/K_Partitioning_US.pdf Graphic file (type pdf)
<use chapter2/K_Partitioning_US.pdf>
Package pdftex.def Info: chapter2/K_Partitioning_US.pdf  used on input line 211
.
(pdftex.def)             Requested size: 212.47617pt x 141.65044pt.
<chapter2/K_Partitioning_GADM.pdf, id=1269, 433.62pt x 289.08pt>
File: chapter2/K_Partitioning_GADM.pdf Graphic file (type pdf)
<use chapter2/K_Partitioning_GADM.pdf>
Package pdftex.def Info: chapter2/K_Partitioning_GADM.pdf  used on input line 2
11.
(pdftex.def)             Requested size: 212.47617pt x 141.65044pt.

Overfull \hbox (15.33237pt too wide) in paragraph at lines 210--214
 [][][][] 
 []

[64 <./chapter2/K_Partitioning_US.pdf> <./chapter2/K_Partitioning_GADM.pdf>]
<chapter2/K_Overlay_US.pdf, id=1287, 433.62pt x 289.08pt>
File: chapter2/K_Overlay_US.pdf Graphic file (type pdf)
<use chapter2/K_Overlay_US.pdf>
Package pdftex.def Info: chapter2/K_Overlay_US.pdf  used on input line 225.
(pdftex.def)             Requested size: 212.47617pt x 141.65044pt.
<chapter2/K_Overlay_GADM.pdf, id=1288, 433.62pt x 289.08pt>
File: chapter2/K_Overlay_GADM.pdf Graphic file (type pdf)
<use chapter2/K_Overlay_GADM.pdf>
Package pdftex.def Info: chapter2/K_Overlay_GADM.pdf  used on input line 225.
(pdftex.def)             Requested size: 212.47617pt x 141.65044pt.

Overfull \hbox (15.33237pt too wide) in paragraph at lines 224--228
 [][][][] 
 []

[65 <./chapter2/K_Overlay_US.pdf> <./chapter2/K_Overlay_GADM.pdf>]
<chapter2/US_speedup.pdf, id=1307, 433.62pt x 289.08pt>
File: chapter2/US_speedup.pdf Graphic file (type pdf)
<use chapter2/US_speedup.pdf>
Package pdftex.def Info: chapter2/US_speedup.pdf  used on input line 242.
(pdftex.def)             Requested size: 212.47617pt x 141.65044pt.
<chapter2/US_scaleup.pdf, id=1308, 433.62pt x 289.08pt>
File: chapter2/US_scaleup.pdf Graphic file (type pdf)
<use chapter2/US_scaleup.pdf>
Package pdftex.def Info: chapter2/US_scaleup.pdf  used on input line 242.
(pdftex.def)             Requested size: 212.47617pt x 141.65044pt.

Overfull \hbox (15.33237pt too wide) in paragraph at lines 241--245
 [][][][] 
 []

Package epstopdf Info: Source file: <chapter2/Experiments/n_records.eps>
(epstopdf)                    date: 2024-10-24 17:22:18
(epstopdf)                    size: 27462 bytes
(epstopdf)             Output file: <chapter2/Experiments/n_records-eps-convert
ed-to.pdf>
(epstopdf)                    date: 2024-10-24 11:59:03
(epstopdf)                    size: 11978 bytes
(epstopdf)             Command: <repstopdf --outfile=chapter2/Experiments/n_rec
ords-eps-converted-to.pdf chapter2/Experiments/n_records.eps>
(epstopdf)             \includegraphics on input line 269.
runsystem(repstopdf --outfile=chapter2/Experiments/n_records-eps-converted-to.p
df chapter2/Experiments/n_records.eps)...executed safely (allowed).

Package epstopdf Info: Result file: <chapter2/Experiments/n_records-eps-convert
ed-to.pdf>
(epstopdf)                    date: 2024-10-24 11:59:16
(epstopdf)                    size: 11978 bytes.
<chapter2/Experiments/n_records-eps-converted-to.pdf, id=1309, 361.35pt x 252.9
45pt>
File: chapter2/Experiments/n_records-eps-converted-to.pdf Graphic file (type pd
f)
<use chapter2/Experiments/n_records-eps-converted-to.pdf>
Package pdftex.def Info: chapter2/Experiments/n_records-eps-converted-to.pdf  u
sed on input line 269.
(pdftex.def)             Requested size: 208.13574pt x 145.69698pt.
Package epstopdf Info: Source file: <chapter2/Experiments/area.eps>
(epstopdf)                    date: 2024-10-24 17:22:18
(epstopdf)                    size: 27551 bytes
(epstopdf)             Output file: <chapter2/Experiments/area-eps-converted-to
.pdf>
(epstopdf)                    date: 2024-10-24 11:59:04
(epstopdf)                    size: 11671 bytes
(epstopdf)             Command: <repstopdf --outfile=chapter2/Experiments/area-
eps-converted-to.pdf chapter2/Experiments/area.eps>
(epstopdf)             \includegraphics on input line 270.
runsystem(repstopdf --outfile=chapter2/Experiments/area-eps-converted-to.pdf ch
apter2/Experiments/area.eps)...executed safely (allowed).

Package epstopdf Info: Result file: <chapter2/Experiments/area-eps-converted-to
.pdf>
(epstopdf)                    date: 2024-10-24 11:59:17
(epstopdf)                    size: 11671 bytes.
<chapter2/Experiments/area-eps-converted-to.pdf, id=1310, 361.35pt x 252.945pt>

File: chapter2/Experiments/area-eps-converted-to.pdf Graphic file (type pdf)
<use chapter2/Experiments/area-eps-converted-to.pdf>
Package pdftex.def Info: chapter2/Experiments/area-eps-converted-to.pdf  used o
n input line 270.
(pdftex.def)             Requested size: 208.13574pt x 145.69698pt.
[66 <./chapter2/US_speedup.pdf> <./chapter2/US_scaleup.pdf>] [67 <./chapter2/Ex
periments/n_records-eps-converted-to.pdf> <./chapter2/Experiments/area-eps-conv
erted-to.pdf>] [68]
Package epstopdf Info: Source file: <chapter2/Experiments/speedup.eps>
(epstopdf)                    date: 2024-10-24 17:22:18
(epstopdf)                    size: 27629 bytes
(epstopdf)             Output file: <chapter2/Experiments/speedup-eps-converted
-to.pdf>
(epstopdf)                    date: 2024-10-24 11:59:05
(epstopdf)                    size: 8922 bytes
(epstopdf)             Command: <repstopdf --outfile=chapter2/Experiments/speed
up-eps-converted-to.pdf chapter2/Experiments/speedup.eps>
(epstopdf)             \includegraphics on input line 292.
runsystem(repstopdf --outfile=chapter2/Experiments/speedup-eps-converted-to.pdf
 chapter2/Experiments/speedup.eps)...executed safely (allowed).

Package epstopdf Info: Result file: <chapter2/Experiments/speedup-eps-converted
-to.pdf>
(epstopdf)                    date: 2024-10-24 11:59:17
(epstopdf)                    size: 8922 bytes.
<chapter2/Experiments/speedup-eps-converted-to.pdf, id=1350, 361.35pt x 252.945
pt>
File: chapter2/Experiments/speedup-eps-converted-to.pdf Graphic file (type pdf)

<use chapter2/Experiments/speedup-eps-converted-to.pdf>
Package pdftex.def Info: chapter2/Experiments/speedup-eps-converted-to.pdf  use
d on input line 292.
(pdftex.def)             Requested size: 250.38434pt x 175.26942pt.
 [69 <./chapter2/Experiments/speedup-eps-converted-to.pdf>]
<chapter2/states.pdf, id=1361, 433.62pt x 289.08pt>
File: chapter2/states.pdf Graphic file (type pdf)
<use chapter2/states.pdf>
Package pdftex.def Info: chapter2/states.pdf  used on input line 323.
(pdftex.def)             Requested size: 303.53267pt x 202.36343pt.
) (./chapter2/conclusions.tex [70])) (./conclusions.tex [71 <./chapter2/states.
pdf>] [72]
Chapter 3.
) (./thesis.bbl [73

] [74

] [75] [76]
Underfull \hbox (badness 1454) in paragraph at lines 241--245
[][][]\OT1/cmr/m/n/10.95 Mark Theodoor De Berg, Marc Van Krev-eld, Mark Over-ma
rs, and Ot-fried
 []

[77] [78] [79] [80] [81] [82] [83] [84]
Underfull \hbox (badness 7832) in paragraph at lines 928--930
[][][]\OT1/cmr/m/n/10.95 U.S. Street Net-work Shape-files, Node/Edge Lists, and
 GraphML Files.
 []

[85]) (./appendix.tex) [86] (./thesis.aux)
Package rerunfilecheck Info: File `thesis.out' has not changed.
(rerunfilecheck)             Checksum: 16AF10BEE26A55C73988D0EC19C5E153;5929.
 ) 
Here is how much of TeX's memory you used:
 14340 strings out of 478287
 237057 string characters out of 5849289
 530732 words of memory out of 5000000
 31917 multiletter control sequences out of 15000+600000
 479607 words of font info for 64 fonts, out of 8000000 for 9000
 1141 hyphenation exceptions out of 8191
 75i,28n,78p,1153b,525s stack positions out of 5000i,500n,10000p,200000b,80000s
pdfTeX warning (dest): name{Hfootnote.2} has been referenced but does not exi
st, replaced by a fixed one

pdfTeX warning (dest): name{Hfootnote.1} has been referenced but does not exist
, replaced by a fixed one

</usr/share/texlive/texmf-dist/fonts/type1/public/amsfonts/cm/cmbx10.pfb></usr/
share/texlive/texmf-dist/fonts/type1/public/amsfonts/cm/cmbx12.pfb></usr/share/
texlive/texmf-dist/fonts/type1/public/amsfonts/cm/cmbxti10.pfb></usr/share/texl
ive/texmf-dist/fonts/type1/public/amsfonts/cm/cmcsc10.pfb></usr/share/texlive/t
exmf-dist/fonts/type1/public/amsfonts/cm/cmmi10.pfb></usr/share/texlive/texmf-d
ist/fonts/type1/public/amsfonts/cm/cmmi12.pfb></usr/share/texlive/texmf-dist/fo
nts/type1/public/amsfonts/cm/cmmi8.pfb></usr/share/texlive/texmf-dist/fonts/typ
e1/public/amsfonts/cm/cmmi9.pfb></usr/share/texlive/texmf-dist/fonts/type1/publ
ic/amsfonts/cm/cmr10.pfb></usr/share/texlive/texmf-dist/fonts/type1/public/amsf
onts/cm/cmr12.pfb></usr/share/texlive/texmf-dist/fonts/type1/public/amsfonts/cm
/cmr17.pfb></usr/share/texlive/texmf-dist/fonts/type1/public/amsfonts/cm/cmr6.p
fb></usr/share/texlive/texmf-dist/fonts/type1/public/amsfonts/cm/cmr7.pfb></usr
/share/texlive/texmf-dist/fonts/type1/public/amsfonts/cm/cmr8.pfb></usr/share/t
exlive/texmf-dist/fonts/type1/public/amsfonts/cm/cmr9.pfb></usr/share/texlive/t
exmf-dist/fonts/type1/public/amsfonts/cm/cmsy10.pfb></usr/share/texlive/texmf-d
ist/fonts/type1/public/amsfonts/cm/cmsy7.pfb></usr/share/texlive/texmf-dist/fon
ts/type1/public/amsfonts/cm/cmsy8.pfb></usr/share/texlive/texmf-dist/fonts/type
1/public/amsfonts/cm/cmti10.pfb></usr/share/texlive/texmf-dist/fonts/type1/publ
ic/amsfonts/cm/cmtt9.pfb>
Output written on thesis.pdf (95 pages, 991483 bytes).
PDF statistics:
 1727 PDF objects out of 1728 (max. 8388607)
 1413 compressed objects within 15 object streams
 349 named destinations out of 1000 (max. 500000)
 459 words of extra memory for PDF output out of 10000 (max. 10000000)

